<?xml version="1.0" encoding="UTF-8" ?>
<testsuite tests="7" failures="0" name="com.jiang.SpringTest.SrerviceTest" time="0.606" errors="2" skipped="0">
  <properties>
    <property name="java.runtime.name" value="Java(TM) SE Runtime Environment"/>
    <property name="sun.boot.library.path" value="D:\Environment\JDK\jre\bin"/>
    <property name="java.vm.version" value="25.271-b09"/>
    <property name="java.vm.vendor" value="Oracle Corporation"/>
    <property name="maven.multiModuleProjectDirectory" value="$M2_HOME"/>
    <property name="java.vendor.url" value="http://java.oracle.com/"/>
    <property name="path.separator" value=";"/>
    <property name="guice.disable.misplaced.annotation.check" value="true"/>
    <property name="java.vm.name" value="Java HotSpot(TM) 64-Bit Server VM"/>
    <property name="file.encoding.pkg" value="sun.io"/>
    <property name="user.script" value=""/>
    <property name="user.country" value="CN"/>
    <property name="sun.java.launcher" value="SUN_STANDARD"/>
    <property name="sun.os.patch.level" value=""/>
    <property name="java.vm.specification.name" value="Java Virtual Machine Specification"/>
    <property name="user.dir" value="D:\Document\Code\java\coding\Manage_SSM"/>
    <property name="java.runtime.version" value="1.8.0_271-b09"/>
    <property name="java.awt.graphicsenv" value="sun.awt.Win32GraphicsEnvironment"/>
    <property name="java.endorsed.dirs" value="D:\Environment\JDK\jre\lib\endorsed"/>
    <property name="os.arch" value="amd64"/>
    <property name="java.io.tmpdir" value="C:\Users\JiangZW\AppData\Local\Temp\"/>
    <property name="line.separator" value="
"/>
    <property name="java.vm.specification.vendor" value="Oracle Corporation"/>
    <property name="user.variant" value=""/>
    <property name="os.name" value="Windows 10"/>
    <property name="maven.ext.class.path" value="D:\IntelliJ IDEA 2019.3.3\plugins\maven\lib\maven-event-listener.jar"/>
    <property name="classworlds.conf" value="D:\Environment\apache-maven-3.6.3\bin\m2.conf"/>
    <property name="sun.jnu.encoding" value="GBK"/>
    <property name="java.library.path" value="D:\Environment\JDK\bin;C:\Windows\Sun\Java\bin;C:\Windows\system32;C:\Windows;C:\Program Files (x86)\Common Files\Oracle\Java\javapath;C:\Windows\system32;C:\Windows;C:\Windows\System32\Wbem;C:\Windows\System32\WindowsPowerShell\v1.0\;C:\Windows\System32\OpenSSH\;D:\Environment\JDK\bin;d:\quartus\quartus\bin;D:\Environment\Git\cmd;D:\Environment\apache-maven-3.6.3\bin;D:\Environment\apache-tomcat-9.0.41\bin;D:\Environment\mysql\bin;C:\Program Files (x86)\NVIDIA Corporation\PhysX\Common;C:\Program Files\NVIDIA Corporation\NVIDIA NvDLISR;D:\Environment\nodejs\;D:\Environment\go\bin;C:\Users\JiangZW\AppData\Local\Microsoft\WindowsApps;D:\SoftWare\Bandizip\;D:\IntelliJ IDEA 2019.3.3\bin;;D:\SoftWare\Microsoft VS Code\bin;C:\Users\JiangZW\AppData\Roaming\npm;."/>
    <property name="maven.conf" value="D:\Environment\apache-maven-3.6.3/conf"/>
    <property name="java.specification.name" value="Java Platform API Specification"/>
    <property name="java.class.version" value="52.0"/>
    <property name="sun.management.compiler" value="HotSpot 64-Bit Tiered Compilers"/>
    <property name="maven.repo.local" value="D:\Environment\apache-maven-3.6.3\repository"/>
    <property name="os.version" value="10.0"/>
    <property name="idea.version2019.3.3" value="true"/>
    <property name="user.home" value="C:\Users\JiangZW"/>
    <property name="user.timezone" value="Asia/Shanghai"/>
    <property name="java.awt.printerjob" value="sun.awt.windows.WPrinterJob"/>
    <property name="java.specification.version" value="1.8"/>
    <property name="file.encoding" value="UTF-8"/>
    <property name="user.name" value="JiangZW"/>
    <property name="java.class.path" value="D:\Environment\apache-maven-3.6.3\boot\plexus-classworlds-2.6.0.jar;D:\Environment\apache-maven-3.6.3\boot\plexus-classworlds.license"/>
    <property name="java.vm.specification.version" value="1.8"/>
    <property name="sun.arch.data.model" value="64"/>
    <property name="java.home" value="D:\Environment\JDK\jre"/>
    <property name="sun.java.command" value="org.codehaus.classworlds.Launcher -Didea.version2019.3.3 -s D:\Environment\apache-maven-3.6.3\conf\settings.xml -Dmaven.repo.local=D:\Environment\apache-maven-3.6.3\repository install"/>
    <property name="java.specification.vendor" value="Oracle Corporation"/>
    <property name="user.language" value="zh"/>
    <property name="awt.toolkit" value="sun.awt.windows.WToolkit"/>
    <property name="java.vm.info" value="mixed mode"/>
    <property name="java.version" value="1.8.0_271"/>
    <property name="java.ext.dirs" value="D:\Environment\JDK\jre\lib\ext;C:\Windows\Sun\Java\lib\ext"/>
    <property name="sun.boot.class.path" value="D:\Environment\JDK\jre\lib\resources.jar;D:\Environment\JDK\jre\lib\rt.jar;D:\Environment\JDK\jre\lib\sunrsasign.jar;D:\Environment\JDK\jre\lib\jsse.jar;D:\Environment\JDK\jre\lib\jce.jar;D:\Environment\JDK\jre\lib\charsets.jar;D:\Environment\JDK\jre\lib\jfr.jar;D:\Environment\JDK\jre\classes"/>
    <property name="java.vendor" value="Oracle Corporation"/>
    <property name="maven.home" value="D:\Environment\apache-maven-3.6.3"/>
    <property name="file.separator" value="\"/>
    <property name="java.vendor.url.bug" value="http://bugreport.sun.com/bugreport/"/>
    <property name="sun.cpu.endian" value="little"/>
    <property name="sun.io.unicode.encoding" value="UnicodeLittle"/>
    <property name="sun.desktop" value="windows"/>
    <property name="sun.cpu.isalist" value="amd64"/>
  </properties>
  <testcase classname="com.jiang.SpringTest.SrerviceTest" name="test" time="0.357">
    <error message="
### Error querying database.  Cause: java.sql.SQLSyntaxErrorException: Table &apos;ssm.orders&apos; doesn&apos;t exist
### The error may exist in file [D:\Document\Code\java\coding\Manage_SSM\target\classes\com\jiang\mapper\OrdersMapper.xml]
### The error may involve com.jiang.dao.OrdersDao.findById-Inline
### The error occurred while setting parameters
### SQL: select  * from orders where id = ?;
### Cause: java.sql.SQLSyntaxErrorException: Table &apos;ssm.orders&apos; doesn&apos;t exist
; bad SQL grammar []; nested exception is java.sql.SQLSyntaxErrorException: Table &apos;ssm.orders&apos; doesn&apos;t exist" type="org.springframework.jdbc.BadSqlGrammarException">org.springframework.jdbc.BadSqlGrammarException: 
### Error querying database.  Cause: java.sql.SQLSyntaxErrorException: Table &apos;ssm.orders&apos; doesn&apos;t exist
### The error may exist in file [D:\Document\Code\java\coding\Manage_SSM\target\classes\com\jiang\mapper\OrdersMapper.xml]
### The error may involve com.jiang.dao.OrdersDao.findById-Inline
### The error occurred while setting parameters
### SQL: select  * from orders where id = ?;
### Cause: java.sql.SQLSyntaxErrorException: Table &apos;ssm.orders&apos; doesn&apos;t exist
; bad SQL grammar []; nested exception is java.sql.SQLSyntaxErrorException: Table &apos;ssm.orders&apos; doesn&apos;t exist
	at org.springframework.jdbc.support.SQLErrorCodeSQLExceptionTranslator.doTranslate(SQLErrorCodeSQLExceptionTranslator.java:235)
	at org.springframework.jdbc.support.AbstractFallbackSQLExceptionTranslator.translate(AbstractFallbackSQLExceptionTranslator.java:72)
	at org.mybatis.spring.MyBatisExceptionTranslator.translateExceptionIfPossible(MyBatisExceptionTranslator.java:75)
	at org.mybatis.spring.SqlSessionTemplate$SqlSessionInterceptor.invoke(SqlSessionTemplate.java:447)
	at com.sun.proxy.$Proxy26.selectOne(Unknown Source)
	at org.mybatis.spring.SqlSessionTemplate.selectOne(SqlSessionTemplate.java:167)
	at org.apache.ibatis.binding.MapperMethod.execute(MapperMethod.java:82)
	at org.apache.ibatis.binding.MapperProxy.invoke(MapperProxy.java:59)
	at com.sun.proxy.$Proxy29.findById(Unknown Source)
	at com.jiang.service.Impl.OrderServiceImpl.findById(OrderServiceImpl.java:35)
	at com.jiang.SpringTest.SrerviceTest.test(SrerviceTest.java:34)
	at sun.reflect.NativeMethodAccessorImpl.invoke0(Native Method)
	at sun.reflect.NativeMethodAccessorImpl.invoke(NativeMethodAccessorImpl.java:62)
	at sun.reflect.DelegatingMethodAccessorImpl.invoke(DelegatingMethodAccessorImpl.java:43)
	at java.lang.reflect.Method.invoke(Method.java:498)
	at org.junit.runners.model.FrameworkMethod$1.runReflectiveCall(FrameworkMethod.java:50)
	at org.junit.internal.runners.model.ReflectiveCallable.run(ReflectiveCallable.java:12)
	at org.junit.runners.model.FrameworkMethod.invokeExplosively(FrameworkMethod.java:47)
	at org.junit.internal.runners.statements.InvokeMethod.evaluate(InvokeMethod.java:17)
	at org.springframework.test.context.junit4.statements.RunBeforeTestExecutionCallbacks.evaluate(RunBeforeTestExecutionCallbacks.java:74)
	at org.springframework.test.context.junit4.statements.RunAfterTestExecutionCallbacks.evaluate(RunAfterTestExecutionCallbacks.java:84)
	at org.springframework.test.context.junit4.statements.RunBeforeTestMethodCallbacks.evaluate(RunBeforeTestMethodCallbacks.java:75)
	at org.springframework.test.context.junit4.statements.RunAfterTestMethodCallbacks.evaluate(RunAfterTestMethodCallbacks.java:86)
	at org.springframework.test.context.junit4.statements.SpringRepeat.evaluate(SpringRepeat.java:84)
	at org.junit.runners.ParentRunner.runLeaf(ParentRunner.java:325)
	at org.springframework.test.context.junit4.SpringJUnit4ClassRunner.runChild(SpringJUnit4ClassRunner.java:251)
	at org.springframework.test.context.junit4.SpringJUnit4ClassRunner.runChild(SpringJUnit4ClassRunner.java:97)
	at org.junit.runners.ParentRunner$3.run(ParentRunner.java:290)
	at org.junit.runners.ParentRunner$1.schedule(ParentRunner.java:71)
	at org.junit.runners.ParentRunner.runChildren(ParentRunner.java:288)
	at org.junit.runners.ParentRunner.access$000(ParentRunner.java:58)
	at org.junit.runners.ParentRunner$2.evaluate(ParentRunner.java:268)
	at org.springframework.test.context.junit4.statements.RunBeforeTestClassCallbacks.evaluate(RunBeforeTestClassCallbacks.java:61)
	at org.springframework.test.context.junit4.statements.RunAfterTestClassCallbacks.evaluate(RunAfterTestClassCallbacks.java:70)
	at org.junit.runners.ParentRunner.run(ParentRunner.java:363)
	at org.springframework.test.context.junit4.SpringJUnit4ClassRunner.run(SpringJUnit4ClassRunner.java:190)
	at org.apache.maven.surefire.junit4.JUnit4Provider.execute(JUnit4Provider.java:252)
	at org.apache.maven.surefire.junit4.JUnit4Provider.executeTestSet(JUnit4Provider.java:141)
	at org.apache.maven.surefire.junit4.JUnit4Provider.invoke(JUnit4Provider.java:112)
	at sun.reflect.NativeMethodAccessorImpl.invoke0(Native Method)
	at sun.reflect.NativeMethodAccessorImpl.invoke(NativeMethodAccessorImpl.java:62)
	at sun.reflect.DelegatingMethodAccessorImpl.invoke(DelegatingMethodAccessorImpl.java:43)
	at java.lang.reflect.Method.invoke(Method.java:498)
	at org.apache.maven.surefire.util.ReflectionUtils.invokeMethodWithArray(ReflectionUtils.java:189)
	at org.apache.maven.surefire.booter.ProviderFactory$ProviderProxy.invoke(ProviderFactory.java:165)
	at org.apache.maven.surefire.booter.ProviderFactory.invokeProvider(ProviderFactory.java:85)
	at org.apache.maven.surefire.booter.ForkedBooter.runSuitesInProcess(ForkedBooter.java:115)
	at org.apache.maven.surefire.booter.ForkedBooter.main(ForkedBooter.java:75)
Caused by: java.sql.SQLSyntaxErrorException: Table &apos;ssm.orders&apos; doesn&apos;t exist
	at com.mysql.cj.jdbc.exceptions.SQLError.createSQLException(SQLError.java:120)
	at com.mysql.cj.jdbc.exceptions.SQLExceptionsMapping.translateException(SQLExceptionsMapping.java:122)
	at com.mysql.cj.jdbc.ClientPreparedStatement.executeInternal(ClientPreparedStatement.java:953)
	at com.mysql.cj.jdbc.ClientPreparedStatement.execute(ClientPreparedStatement.java:370)
	at com.mchange.v2.c3p0.impl.NewProxyPreparedStatement.execute(NewProxyPreparedStatement.java:989)
	at sun.reflect.NativeMethodAccessorImpl.invoke0(Native Method)
	at sun.reflect.NativeMethodAccessorImpl.invoke(NativeMethodAccessorImpl.java:62)
	at sun.reflect.DelegatingMethodAccessorImpl.invoke(DelegatingMethodAccessorImpl.java:43)
	at java.lang.reflect.Method.invoke(Method.java:498)
	at org.apache.ibatis.logging.jdbc.PreparedStatementLogger.invoke(PreparedStatementLogger.java:59)
	at com.sun.proxy.$Proxy45.execute(Unknown Source)
	at org.apache.ibatis.executor.statement.PreparedStatementHandler.query(PreparedStatementHandler.java:63)
	at org.apache.ibatis.executor.statement.RoutingStatementHandler.query(RoutingStatementHandler.java:79)
	at org.apache.ibatis.executor.SimpleExecutor.doQuery(SimpleExecutor.java:63)
	at org.apache.ibatis.executor.BaseExecutor.queryFromDatabase(BaseExecutor.java:324)
	at org.apache.ibatis.executor.BaseExecutor.query(BaseExecutor.java:156)
	at org.apache.ibatis.executor.CachingExecutor.query(CachingExecutor.java:109)
	at com.github.pagehelper.PageInterceptor.intercept(PageInterceptor.java:143)
	at org.apache.ibatis.plugin.Plugin.invoke(Plugin.java:61)
	at com.sun.proxy.$Proxy43.query(Unknown Source)
	at org.apache.ibatis.session.defaults.DefaultSqlSession.selectList(DefaultSqlSession.java:148)
	at org.apache.ibatis.session.defaults.DefaultSqlSession.selectList(DefaultSqlSession.java:141)
	at org.apache.ibatis.session.defaults.DefaultSqlSession.selectOne(DefaultSqlSession.java:77)
	at sun.reflect.NativeMethodAccessorImpl.invoke0(Native Method)
	at sun.reflect.NativeMethodAccessorImpl.invoke(NativeMethodAccessorImpl.java:62)
	at sun.reflect.DelegatingMethodAccessorImpl.invoke(DelegatingMethodAccessorImpl.java:43)
	at java.lang.reflect.Method.invoke(Method.java:498)
	at org.mybatis.spring.SqlSessionTemplate$SqlSessionInterceptor.invoke(SqlSessionTemplate.java:434)
	... 44 more
</error>
    <system-out>2021-04-07 10:03:33,499 0      [           main] DEBUG junit4.SpringJUnit4ClassRunner  - SpringJUnit4ClassRunner constructor called with [class com.jiang.SpringTest.SrerviceTest]
2021-04-07 10:03:33,505 6      [           main] DEBUG rk.test.context.BootstrapUtils  - Instantiating CacheAwareContextLoaderDelegate from class [org.springframework.test.context.cache.DefaultCacheAwareContextLoaderDelegate]
2021-04-07 10:03:33,516 17     [           main] DEBUG rk.test.context.BootstrapUtils  - Instantiating BootstrapContext using constructor [public org.springframework.test.context.support.DefaultBootstrapContext(java.lang.Class,org.springframework.test.context.CacheAwareContextLoaderDelegate)]
2021-04-07 10:03:33,547 48     [           main] DEBUG rk.test.context.BootstrapUtils  - Instantiating TestContextBootstrapper for test class [com.jiang.SpringTest.SrerviceTest] from class [org.springframework.test.context.support.DefaultTestContextBootstrapper]
2021-04-07 10:03:33,568 69     [           main] DEBUG ctDelegatingSmartContextLoader  - Delegating to GenericXmlContextLoader to process context configuration [ContextConfigurationAttributes@1efed156 declaringClass = &apos;com.jiang.SpringTest.SrerviceTest&apos;, classes = &apos;{}&apos;, locations = &apos;{classpath*:applicationContext.xml}&apos;, inheritLocations = true, initializers = &apos;{}&apos;, inheritInitializers = true, name = [null], contextLoaderClass = &apos;org.springframework.test.context.ContextLoader&apos;].
2021-04-07 10:03:33,584 85     [           main] DEBUG xt.support.ActiveProfilesUtils  - Could not find an &apos;annotation declaring class&apos; for annotation type [org.springframework.test.context.ActiveProfiles] and class [com.jiang.SpringTest.SrerviceTest]
2021-04-07 10:03:33,585 86     [           main] DEBUG DefaultTestContextBootstrapper  - @TestExecutionListeners is not present for class [com.jiang.SpringTest.SrerviceTest]: using defaults.
2021-04-07 10:03:33,585 86     [           main] INFO  DefaultTestContextBootstrapper  - Loaded default TestExecutionListener class names from location [META-INF/spring.factories]: [org.springframework.test.context.web.ServletTestExecutionListener, org.springframework.test.context.support.DirtiesContextBeforeModesTestExecutionListener, org.springframework.test.context.support.DependencyInjectionTestExecutionListener, org.springframework.test.context.support.DirtiesContextTestExecutionListener, org.springframework.test.context.transaction.TransactionalTestExecutionListener, org.springframework.test.context.jdbc.SqlScriptsTestExecutionListener, org.springframework.test.context.event.EventPublishingTestExecutionListener]
2021-04-07 10:03:33,598 99     [           main] INFO  DefaultTestContextBootstrapper  - Using TestExecutionListeners: [org.springframework.test.context.web.ServletTestExecutionListener@cb51256, org.springframework.test.context.support.DirtiesContextBeforeModesTestExecutionListener@59906517, org.springframework.test.context.support.DependencyInjectionTestExecutionListener@5bfbf16f, org.springframework.test.context.support.DirtiesContextTestExecutionListener@25af5db5, org.springframework.test.context.transaction.TransactionalTestExecutionListener@12cdcf4, org.springframework.test.context.jdbc.SqlScriptsTestExecutionListener@5bcea91b, org.springframework.test.context.event.EventPublishingTestExecutionListener@5f3a4b84]
2021-04-07 10:03:33,599 100    [           main] DEBUG t.annotation.ProfileValueUtils  - Retrieved @ProfileValueSourceConfiguration [null] for test class [com.jiang.SpringTest.SrerviceTest]
2021-04-07 10:03:33,600 101    [           main] DEBUG t.annotation.ProfileValueUtils  - Retrieved ProfileValueSource type [class org.springframework.test.annotation.SystemProfileValueSource] for class [com.jiang.SpringTest.SrerviceTest]
2021-04-07 10:03:33,600 101    [           main] DEBUG t.annotation.ProfileValueUtils  - Retrieved @ProfileValueSourceConfiguration [null] for test class [com.jiang.SpringTest.SrerviceTest]
2021-04-07 10:03:33,600 101    [           main] DEBUG t.annotation.ProfileValueUtils  - Retrieved ProfileValueSource type [class org.springframework.test.annotation.SystemProfileValueSource] for class [com.jiang.SpringTest.SrerviceTest]
2021-04-07 10:03:33,603 104    [           main] DEBUG esContextTestExecutionListener  - Before test class: context [DefaultTestContext@ed9d034 testClass = SrerviceTest, testInstance = [null], testMethod = [null], testException = [null], mergedContextConfiguration = [MergedContextConfiguration@6121c9d6 testClass = SrerviceTest, locations = &apos;{classpath*:applicationContext.xml}&apos;, classes = &apos;{}&apos;, contextInitializerClasses = &apos;[]&apos;, activeProfiles = &apos;{}&apos;, propertySourceLocations = &apos;{}&apos;, propertySourceProperties = &apos;{}&apos;, contextCustomizers = set[[empty]], contextLoader = &apos;org.springframework.test.context.support.DelegatingSmartContextLoader&apos;, parent = [null]], attributes = map[[empty]]], class annotated with @DirtiesContext [false] with mode [null].
2021-04-07 10:03:33,604 105    [           main] DEBUG t.annotation.ProfileValueUtils  - Retrieved @ProfileValueSourceConfiguration [null] for test class [com.jiang.SpringTest.SrerviceTest]
2021-04-07 10:03:33,604 105    [           main] DEBUG t.annotation.ProfileValueUtils  - Retrieved ProfileValueSource type [class org.springframework.test.annotation.SystemProfileValueSource] for class [com.jiang.SpringTest.SrerviceTest]
2021-04-07 10:03:33,606 107    [           main] DEBUG InjectionTestExecutionListener  - Performing dependency injection for test context [[DefaultTestContext@ed9d034 testClass = SrerviceTest, testInstance = com.jiang.SpringTest.SrerviceTest@2db7a79b, testMethod = [null], testException = [null], mergedContextConfiguration = [MergedContextConfiguration@6121c9d6 testClass = SrerviceTest, locations = &apos;{classpath*:applicationContext.xml}&apos;, classes = &apos;{}&apos;, contextInitializerClasses = &apos;[]&apos;, activeProfiles = &apos;{}&apos;, propertySourceLocations = &apos;{}&apos;, propertySourceProperties = &apos;{}&apos;, contextCustomizers = set[[empty]], contextLoader = &apos;org.springframework.test.context.support.DelegatingSmartContextLoader&apos;, parent = [null]], attributes = map[[empty]]]].
2021-04-07 10:03:33,607 108    [           main] DEBUG ctDelegatingSmartContextLoader  - Delegating to GenericXmlContextLoader to load context from [MergedContextConfiguration@6121c9d6 testClass = SrerviceTest, locations = &apos;{classpath*:applicationContext.xml}&apos;, classes = &apos;{}&apos;, contextInitializerClasses = &apos;[]&apos;, activeProfiles = &apos;{}&apos;, propertySourceLocations = &apos;{}&apos;, propertySourceProperties = &apos;{}&apos;, contextCustomizers = set[[empty]], contextLoader = &apos;org.springframework.test.context.support.DelegatingSmartContextLoader&apos;, parent = [null]].
2021-04-07 10:03:33,608 109    [           main] DEBUG t.AbstractGenericContextLoader  - Loading ApplicationContext for merged context configuration [[MergedContextConfiguration@6121c9d6 testClass = SrerviceTest, locations = &apos;{classpath*:applicationContext.xml}&apos;, classes = &apos;{}&apos;, contextInitializerClasses = &apos;[]&apos;, activeProfiles = &apos;{}&apos;, propertySourceLocations = &apos;{}&apos;, propertySourceProperties = &apos;{}&apos;, contextCustomizers = set[[empty]], contextLoader = &apos;org.springframework.test.context.support.DelegatingSmartContextLoader&apos;, parent = [null]]].
2021-04-07 10:03:33,641 142    [           main] DEBUG k.core.env.StandardEnvironment  - Activating profiles []
2021-04-07 10:03:33,805 306    [           main] DEBUG ClassPathBeanDefinitionScanner  - Ignored because not a concrete top-level class: file [D:\Document\Code\java\coding\Manage_SSM\target\classes\com\jiang\dao\IPermissionDao.class]
2021-04-07 10:03:33,805 306    [           main] DEBUG ClassPathBeanDefinitionScanner  - Ignored because not a concrete top-level class: file [D:\Document\Code\java\coding\Manage_SSM\target\classes\com\jiang\dao\IProductDao.class]
2021-04-07 10:03:33,805 306    [           main] DEBUG ClassPathBeanDefinitionScanner  - Ignored because not a concrete top-level class: file [D:\Document\Code\java\coding\Manage_SSM\target\classes\com\jiang\dao\OrdersDao.class]
2021-04-07 10:03:33,811 312    [           main] DEBUG ClassPathBeanDefinitionScanner  - Ignored because not a concrete top-level class: file [D:\Document\Code\java\coding\Manage_SSM\target\classes\com\jiang\dao\RoleDao.class]
2021-04-07 10:03:33,812 313    [           main] DEBUG ClassPathBeanDefinitionScanner  - Ignored because not a concrete top-level class: file [D:\Document\Code\java\coding\Manage_SSM\target\classes\com\jiang\dao\UserDao.class]
2021-04-07 10:03:33,824 325    [           main] DEBUG ClassPathBeanDefinitionScanner  - Identified candidate component class: file [D:\Document\Code\java\coding\Manage_SSM\target\classes\com\jiang\service\Impl\IProductServiceImpl.class]
2021-04-07 10:03:33,824 325    [           main] DEBUG ClassPathBeanDefinitionScanner  - Identified candidate component class: file [D:\Document\Code\java\coding\Manage_SSM\target\classes\com\jiang\service\Impl\OrderServiceImpl.class]
2021-04-07 10:03:33,824 325    [           main] DEBUG ClassPathBeanDefinitionScanner  - Identified candidate component class: file [D:\Document\Code\java\coding\Manage_SSM\target\classes\com\jiang\service\Impl\RoleServiceImpl.class]
2021-04-07 10:03:33,826 327    [           main] DEBUG ClassPathBeanDefinitionScanner  - Identified candidate component class: file [D:\Document\Code\java\coding\Manage_SSM\target\classes\com\jiang\service\Impl\UserServiceImpl.class]
2021-04-07 10:03:33,827 328    [           main] DEBUG ClassPathBeanDefinitionScanner  - Identified candidate component class: file [D:\Document\Code\java\coding\Manage_SSM\target\classes\com\jiang\service\Impl\permissionServiceImpl.class]
2021-04-07 10:03:33,834 335    [           main] DEBUG ClassPathBeanDefinitionScanner  - Identified candidate component class: file [D:\Document\Code\java\coding\Manage_SSM\target\classes\com\jiang\domain\Member.class]
2021-04-07 10:03:33,834 335    [           main] DEBUG ClassPathBeanDefinitionScanner  - Identified candidate component class: file [D:\Document\Code\java\coding\Manage_SSM\target\classes\com\jiang\domain\Orders.class]
2021-04-07 10:03:33,834 335    [           main] DEBUG ClassPathBeanDefinitionScanner  - Identified candidate component class: file [D:\Document\Code\java\coding\Manage_SSM\target\classes\com\jiang\domain\Permission.class]
2021-04-07 10:03:33,835 336    [           main] DEBUG ClassPathBeanDefinitionScanner  - Identified candidate component class: file [D:\Document\Code\java\coding\Manage_SSM\target\classes\com\jiang\domain\Product.class]
2021-04-07 10:03:33,835 336    [           main] DEBUG ClassPathBeanDefinitionScanner  - Identified candidate component class: file [D:\Document\Code\java\coding\Manage_SSM\target\classes\com\jiang\domain\Traveller.class]
2021-04-07 10:03:33,835 336    [           main] DEBUG ClassPathBeanDefinitionScanner  - Identified candidate component class: file [D:\Document\Code\java\coding\Manage_SSM\target\classes\com\jiang\domain\UserInfo.class]
2021-04-07 10:03:33,873 374    [           main] DEBUG ry.xml.XmlBeanDefinitionReader  - Loaded 38 bean definitions from URL [file:/D:/Document/Code/java/coding/Manage_SSM/target/classes/applicationContext.xml]
2021-04-07 10:03:33,873 374    [           main] DEBUG port.GenericApplicationContext  - Refreshing org.springframework.context.support.GenericApplicationContext@eb21112
2021-04-07 10:03:33,900 401    [           main] DEBUG ort.DefaultListableBeanFactory  - Creating shared instance of singleton bean &apos;org.springframework.context.annotation.internalConfigurationAnnotationProcessor&apos;
2021-04-07 10:03:33,962 463    [           main] DEBUG ort.DefaultListableBeanFactory  - Creating shared instance of singleton bean &apos;mapperScannerConfigurer&apos;
2021-04-07 10:03:33,981 482    [           main] DEBUG .mapper.ClassPathMapperScanner  - Identified candidate component class: file [D:\Document\Code\java\coding\Manage_SSM\target\classes\com\jiang\dao\IPermissionDao.class]
2021-04-07 10:03:33,981 482    [           main] DEBUG .mapper.ClassPathMapperScanner  - Identified candidate component class: file [D:\Document\Code\java\coding\Manage_SSM\target\classes\com\jiang\dao\IProductDao.class]
2021-04-07 10:03:33,981 482    [           main] DEBUG .mapper.ClassPathMapperScanner  - Identified candidate component class: file [D:\Document\Code\java\coding\Manage_SSM\target\classes\com\jiang\dao\OrdersDao.class]
2021-04-07 10:03:33,981 482    [           main] DEBUG .mapper.ClassPathMapperScanner  - Identified candidate component class: file [D:\Document\Code\java\coding\Manage_SSM\target\classes\com\jiang\dao\RoleDao.class]
2021-04-07 10:03:33,981 482    [           main] DEBUG .mapper.ClassPathMapperScanner  - Identified candidate component class: file [D:\Document\Code\java\coding\Manage_SSM\target\classes\com\jiang\dao\UserDao.class]
2021-04-07 10:03:33,982 483    [           main] DEBUG .mapper.ClassPathMapperScanner  - Creating MapperFactoryBean with name &apos;IPermissionDao&apos; and &apos;com.jiang.dao.IPermissionDao&apos; mapperInterface
2021-04-07 10:03:33,982 483    [           main] DEBUG .mapper.ClassPathMapperScanner  - Enabling autowire by type for MapperFactoryBean with name &apos;IPermissionDao&apos;.
2021-04-07 10:03:33,982 483    [           main] DEBUG .mapper.ClassPathMapperScanner  - Creating MapperFactoryBean with name &apos;IProductDao&apos; and &apos;com.jiang.dao.IProductDao&apos; mapperInterface
2021-04-07 10:03:33,982 483    [           main] DEBUG .mapper.ClassPathMapperScanner  - Enabling autowire by type for MapperFactoryBean with name &apos;IProductDao&apos;.
2021-04-07 10:03:33,983 484    [           main] DEBUG .mapper.ClassPathMapperScanner  - Creating MapperFactoryBean with name &apos;ordersDao&apos; and &apos;com.jiang.dao.OrdersDao&apos; mapperInterface
2021-04-07 10:03:33,983 484    [           main] DEBUG .mapper.ClassPathMapperScanner  - Enabling autowire by type for MapperFactoryBean with name &apos;ordersDao&apos;.
2021-04-07 10:03:33,983 484    [           main] DEBUG .mapper.ClassPathMapperScanner  - Creating MapperFactoryBean with name &apos;roleDao&apos; and &apos;com.jiang.dao.RoleDao&apos; mapperInterface
2021-04-07 10:03:33,983 484    [           main] DEBUG .mapper.ClassPathMapperScanner  - Enabling autowire by type for MapperFactoryBean with name &apos;roleDao&apos;.
2021-04-07 10:03:33,983 484    [           main] DEBUG .mapper.ClassPathMapperScanner  - Creating MapperFactoryBean with name &apos;userDao&apos; and &apos;com.jiang.dao.UserDao&apos; mapperInterface
2021-04-07 10:03:33,983 484    [           main] DEBUG .mapper.ClassPathMapperScanner  - Enabling autowire by type for MapperFactoryBean with name &apos;userDao&apos;.
2021-04-07 10:03:33,985 486    [           main] DEBUG ort.DefaultListableBeanFactory  - Creating shared instance of singleton bean &apos;org.springframework.context.support.PropertySourcesPlaceholderConfigurer#0&apos;
2021-04-07 10:03:33,994 495    [           main] DEBUG ropertySourcesPropertyResolver  - Found key &apos;jdbc.driver&apos; in PropertySource &apos;localProperties&apos; with value of type String
2021-04-07 10:03:33,994 495    [           main] DEBUG ropertySourcesPropertyResolver  - Found key &apos;jdbc.url&apos; in PropertySource &apos;localProperties&apos; with value of type String
2021-04-07 10:03:33,994 495    [           main] DEBUG ropertySourcesPropertyResolver  - Found key &apos;jdbc.username&apos; in PropertySource &apos;localProperties&apos; with value of type String
2021-04-07 10:03:33,995 496    [           main] DEBUG ropertySourcesPropertyResolver  - Found key &apos;jdbc.password&apos; in PropertySource &apos;localProperties&apos; with value of type String
2021-04-07 10:03:33,995 496    [           main] DEBUG ort.DefaultListableBeanFactory  - Creating shared instance of singleton bean &apos;org.springframework.context.event.internalEventListenerProcessor&apos;
2021-04-07 10:03:33,997 498    [           main] DEBUG ort.DefaultListableBeanFactory  - Creating shared instance of singleton bean &apos;org.springframework.context.event.internalEventListenerFactory&apos;
2021-04-07 10:03:33,999 500    [           main] DEBUG ort.DefaultListableBeanFactory  - Creating shared instance of singleton bean &apos;org.springframework.context.annotation.internalAutowiredAnnotationProcessor&apos;
2021-04-07 10:03:34,000 501    [           main] DEBUG ort.DefaultListableBeanFactory  - Creating shared instance of singleton bean &apos;org.springframework.context.annotation.internalCommonAnnotationProcessor&apos;
2021-04-07 10:03:34,004 505    [           main] DEBUG ort.DefaultListableBeanFactory  - Creating shared instance of singleton bean &apos;org.springframework.aop.config.internalAutoProxyCreator&apos;
2021-04-07 10:03:34,026 527    [           main] DEBUG ort.DefaultListableBeanFactory  - Creating shared instance of singleton bean &apos;IProductServiceImpl&apos;
2021-04-07 10:03:34,026 527    [           main] DEBUG ort.DefaultListableBeanFactory  - Creating shared instance of singleton bean &apos;org.springframework.aop.support.DefaultBeanFactoryPointcutAdvisor#0&apos;
2021-04-07 10:03:34,059 560    [           main] DEBUG ache.ibatis.logging.LogFactory  - Logging initialized using &apos;class org.apache.ibatis.logging.slf4j.Slf4jImpl&apos; adapter.
2021-04-07 10:03:34,067 568    [           main] DEBUG ort.DefaultListableBeanFactory  - Creating shared instance of singleton bean &apos;IProductDao&apos;
2021-04-07 10:03:34,075 576    [           main] DEBUG ort.DefaultListableBeanFactory  - Creating shared instance of singleton bean &apos;sqlSessionFactory&apos;
2021-04-07 10:03:34,076 577    [           main] DEBUG ort.DefaultListableBeanFactory  - Creating shared instance of singleton bean &apos;dataSource&apos;
2021-04-07 10:03:34,088 589    [           main] INFO         com.mchange.v2.log.MLog  - MLog clients using log4j logging.
2021-04-07 10:03:34,485 986    [           main] INFO  m.mchange.v2.c3p0.C3P0Registry  - Initializing c3p0-0.9.1.2 [built 21-May-2007 15:04:56; debug? true; trace: 10]
2021-04-07 10:03:34,496 997    [           main] DEBUG icPooledDataSourceManagerMBean  - MBean: com.mchange.v2.c3p0:type=PooledDataSource[1hgemtdag1b6scpt150l1lt|4201c465] registered.
2021-04-07 10:03:34,690 1191   [           main] DEBUG s.spring.SqlSessionFactoryBean  - Property `configuration` or &apos;configLocation&apos; not specified, using default MyBatis Configuration
2021-04-07 10:03:34,717 1218   [           main] DEBUG s.spring.SqlSessionFactoryBean  - Registered plugin: &apos;com.github.pagehelper.PageInterceptor@517d4a0d&apos;
2021-04-07 10:03:34,772 1273   [           main] DEBUG s.spring.SqlSessionFactoryBean  - Parsed mapper file: &apos;file [D:\Document\Code\java\coding\Manage_SSM\target\classes\com\jiang\mapper\IProductMapper.xml]&apos;
2021-04-07 10:03:34,785 1286   [           main] DEBUG s.spring.SqlSessionFactoryBean  - Parsed mapper file: &apos;file [D:\Document\Code\java\coding\Manage_SSM\target\classes\com\jiang\mapper\OrdersMapper.xml]&apos;
2021-04-07 10:03:34,799 1300   [           main] DEBUG ort.DefaultListableBeanFactory  - Creating shared instance of singleton bean &apos;orderServiceImpl&apos;
2021-04-07 10:03:34,800 1301   [           main] DEBUG ort.DefaultListableBeanFactory  - Creating shared instance of singleton bean &apos;ordersDao&apos;
2021-04-07 10:03:34,802 1303   [           main] DEBUG ort.DefaultListableBeanFactory  - Creating shared instance of singleton bean &apos;roleServiceImpl&apos;
2021-04-07 10:03:34,803 1304   [           main] DEBUG ort.DefaultListableBeanFactory  - Creating shared instance of singleton bean &apos;roleDao&apos;
2021-04-07 10:03:34,813 1314   [           main] DEBUG ort.DefaultListableBeanFactory  - Creating shared instance of singleton bean &apos;userServiceImpl&apos;
2021-04-07 10:03:34,814 1315   [           main] DEBUG ort.DefaultListableBeanFactory  - Creating shared instance of singleton bean &apos;userDao&apos;
2021-04-07 10:03:34,822 1323   [           main] DEBUG ort.DefaultListableBeanFactory  - Creating shared instance of singleton bean &apos;permissionServiceImpl&apos;
2021-04-07 10:03:34,823 1324   [           main] DEBUG ort.DefaultListableBeanFactory  - Creating shared instance of singleton bean &apos;IPermissionDao&apos;
2021-04-07 10:03:34,826 1327   [           main] DEBUG ort.DefaultListableBeanFactory  - Creating shared instance of singleton bean &apos;member&apos;
2021-04-07 10:03:34,827 1328   [           main] DEBUG ort.DefaultListableBeanFactory  - Creating shared instance of singleton bean &apos;orders&apos;
2021-04-07 10:03:34,829 1330   [           main] DEBUG ort.DefaultListableBeanFactory  - Creating shared instance of singleton bean &apos;permission&apos;
2021-04-07 10:03:34,830 1331   [           main] DEBUG ort.DefaultListableBeanFactory  - Creating shared instance of singleton bean &apos;product&apos;
2021-04-07 10:03:34,831 1332   [           main] DEBUG ort.DefaultListableBeanFactory  - Creating shared instance of singleton bean &apos;traveller&apos;
2021-04-07 10:03:34,832 1333   [           main] DEBUG ort.DefaultListableBeanFactory  - Creating shared instance of singleton bean &apos;userInfo&apos;
2021-04-07 10:03:34,833 1334   [           main] DEBUG ort.DefaultListableBeanFactory  - Creating shared instance of singleton bean &apos;mvcContentNegotiationManager&apos;
2021-04-07 10:03:34,843 1344   [           main] DEBUG ort.DefaultListableBeanFactory  - Creating shared instance of singleton bean &apos;org.springframework.web.servlet.mvc.method.annotation.RequestMappingHandlerMapping&apos;
2021-04-07 10:03:34,868 1369   [           main] DEBUG ort.DefaultListableBeanFactory  - Creating shared instance of singleton bean &apos;mvcCorsConfigurations&apos;
2021-04-07 10:03:34,896 1397   [           main] DEBUG ort.DefaultListableBeanFactory  - Creating shared instance of singleton bean &apos;org.springframework.web.servlet.handler.MappedInterceptor#0&apos;
2021-04-07 10:03:34,897 1398   [           main] DEBUG ort.DefaultListableBeanFactory  - Creating shared instance of singleton bean &apos;org.springframework.format.support.FormattingConversionServiceFactoryBean#0&apos;
2021-04-07 10:03:34,959 1460   [           main] DEBUG ort.DefaultListableBeanFactory  - Creating shared instance of singleton bean &apos;org.springframework.web.servlet.mvc.method.annotation.RequestMappingHandlerAdapter&apos;
2021-04-07 10:03:35,015 1516   [           main] DEBUG n.RequestMappingHandlerAdapter  - ControllerAdvice beans: none
2021-04-07 10:03:35,039 1540   [           main] DEBUG ort.DefaultListableBeanFactory  - Creating shared instance of singleton bean &apos;mvcUriComponentsContributor&apos;
2021-04-07 10:03:35,045 1546   [           main] DEBUG n.RequestMappingHandlerAdapter  - ControllerAdvice beans: none
2021-04-07 10:03:35,048 1549   [           main] DEBUG ort.DefaultListableBeanFactory  - Creating shared instance of singleton bean &apos;org.springframework.web.servlet.mvc.method.annotation.ExceptionHandlerExceptionResolver#0&apos;
2021-04-07 10:03:35,059 1560   [           main] DEBUG eptionHandlerExceptionResolver  - ControllerAdvice beans: none
2021-04-07 10:03:35,060 1561   [           main] DEBUG ort.DefaultListableBeanFactory  - Creating shared instance of singleton bean &apos;org.springframework.web.servlet.mvc.annotation.ResponseStatusExceptionResolver#0&apos;
2021-04-07 10:03:35,063 1564   [           main] DEBUG ort.DefaultListableBeanFactory  - Creating shared instance of singleton bean &apos;org.springframework.web.servlet.mvc.support.DefaultHandlerExceptionResolver#0&apos;
2021-04-07 10:03:35,065 1566   [           main] DEBUG ort.DefaultListableBeanFactory  - Creating shared instance of singleton bean &apos;org.springframework.web.servlet.handler.BeanNameUrlHandlerMapping&apos;
2021-04-07 10:03:35,069 1570   [           main] DEBUG ort.DefaultListableBeanFactory  - Creating shared instance of singleton bean &apos;org.springframework.web.servlet.mvc.HttpRequestHandlerAdapter&apos;
2021-04-07 10:03:35,070 1571   [           main] DEBUG ort.DefaultListableBeanFactory  - Creating shared instance of singleton bean &apos;org.springframework.web.servlet.mvc.SimpleControllerHandlerAdapter&apos;
2021-04-07 10:03:35,071 1572   [           main] DEBUG ort.DefaultListableBeanFactory  - Creating shared instance of singleton bean &apos;manager&apos;
2021-04-07 10:03:35,080 1581   [           main] DEBUG ort.DefaultListableBeanFactory  - Creating shared instance of singleton bean &apos;transactionInterceptor&apos;
2021-04-07 10:03:35,089 1590   [           main] DEBUG atchTransactionAttributeSource  - Adding transactional method [find**] with attribute [PROPAGATION_REQUIRED,ISOLATION_DEFAULT,readOnly]
2021-04-07 10:03:35,089 1590   [           main] DEBUG atchTransactionAttributeSource  - Adding transactional method [**] with attribute [PROPAGATION_REQUIRED,ISOLATION_DEFAULT]
2021-04-07 10:03:35,107 1608   [           main] DEBUG acheAwareContextLoaderDelegate  - Storing ApplicationContext [246550802] in cache under key [[MergedContextConfiguration@6121c9d6 testClass = SrerviceTest, locations = &apos;{classpath*:applicationContext.xml}&apos;, classes = &apos;{}&apos;, contextInitializerClasses = &apos;[]&apos;, activeProfiles = &apos;{}&apos;, propertySourceLocations = &apos;{}&apos;, propertySourceProperties = &apos;{}&apos;, contextCustomizers = set[[empty]], contextLoader = &apos;org.springframework.test.context.support.DelegatingSmartContextLoader&apos;, parent = [null]]]
2021-04-07 10:03:35,107 1608   [           main] DEBUG ngframework.test.context.cache  - Spring test ApplicationContext cache statistics: [DefaultContextCache@42b64ab8 size = 1, maxSize = 32, parentContextCount = 0, hitCount = 0, missCount = 1]
2021-04-07 10:03:35,109 1610   [           main] DEBUG acheAwareContextLoaderDelegate  - Retrieved ApplicationContext [246550802] from cache with key [[MergedContextConfiguration@6121c9d6 testClass = SrerviceTest, locations = &apos;{classpath*:applicationContext.xml}&apos;, classes = &apos;{}&apos;, contextInitializerClasses = &apos;[]&apos;, activeProfiles = &apos;{}&apos;, propertySourceLocations = &apos;{}&apos;, propertySourceProperties = &apos;{}&apos;, contextCustomizers = set[[empty]], contextLoader = &apos;org.springframework.test.context.support.DelegatingSmartContextLoader&apos;, parent = [null]]]
2021-04-07 10:03:35,109 1610   [           main] DEBUG ngframework.test.context.cache  - Spring test ApplicationContext cache statistics: [DefaultContextCache@42b64ab8 size = 1, maxSize = 32, parentContextCount = 0, hitCount = 1, missCount = 1]
2021-04-07 10:03:35,112 1613   [           main] DEBUG esContextTestExecutionListener  - Before test method: context [DefaultTestContext@ed9d034 testClass = SrerviceTest, testInstance = com.jiang.SpringTest.SrerviceTest@2db7a79b, testMethod = test@SrerviceTest, testException = [null], mergedContextConfiguration = [MergedContextConfiguration@6121c9d6 testClass = SrerviceTest, locations = &apos;{classpath*:applicationContext.xml}&apos;, classes = &apos;{}&apos;, contextInitializerClasses = &apos;[]&apos;, activeProfiles = &apos;{}&apos;, propertySourceLocations = &apos;{}&apos;, propertySourceProperties = &apos;{}&apos;, contextCustomizers = set[[empty]], contextLoader = &apos;org.springframework.test.context.support.DelegatingSmartContextLoader&apos;, parent = [null]], attributes = map[[empty]]], class annotated with @DirtiesContext [false] with mode [null], method annotated with @DirtiesContext [false] with mode [null].
2021-04-07 10:03:35,116 1617   [           main] DEBUG acheAwareContextLoaderDelegate  - Retrieved ApplicationContext [246550802] from cache with key [[MergedContextConfiguration@6121c9d6 testClass = SrerviceTest, locations = &apos;{classpath*:applicationContext.xml}&apos;, classes = &apos;{}&apos;, contextInitializerClasses = &apos;[]&apos;, activeProfiles = &apos;{}&apos;, propertySourceLocations = &apos;{}&apos;, propertySourceProperties = &apos;{}&apos;, contextCustomizers = set[[empty]], contextLoader = &apos;org.springframework.test.context.support.DelegatingSmartContextLoader&apos;, parent = [null]]]
2021-04-07 10:03:35,116 1617   [           main] DEBUG ngframework.test.context.cache  - Spring test ApplicationContext cache statistics: [DefaultContextCache@42b64ab8 size = 1, maxSize = 32, parentContextCount = 0, hitCount = 2, missCount = 1]
2021-04-07 10:03:35,118 1619   [           main] DEBUG acheAwareContextLoaderDelegate  - Retrieved ApplicationContext [246550802] from cache with key [[MergedContextConfiguration@6121c9d6 testClass = SrerviceTest, locations = &apos;{classpath*:applicationContext.xml}&apos;, classes = &apos;{}&apos;, contextInitializerClasses = &apos;[]&apos;, activeProfiles = &apos;{}&apos;, propertySourceLocations = &apos;{}&apos;, propertySourceProperties = &apos;{}&apos;, contextCustomizers = set[[empty]], contextLoader = &apos;org.springframework.test.context.support.DelegatingSmartContextLoader&apos;, parent = [null]]]
2021-04-07 10:03:35,118 1619   [           main] DEBUG ngframework.test.context.cache  - Spring test ApplicationContext cache statistics: [DefaultContextCache@42b64ab8 size = 1, maxSize = 32, parentContextCount = 0, hitCount = 3, missCount = 1]
1
2021-04-07 10:03:35,126 1627   [           main] DEBUG mybatis.spring.SqlSessionUtils  - Creating a new SqlSession
2021-04-07 10:03:35,133 1634   [           main] DEBUG mybatis.spring.SqlSessionUtils  - SqlSession [org.apache.ibatis.session.defaults.DefaultSqlSession@6a62689d] was not registered for synchronization because synchronization is not active
2021-04-07 10:03:35,140 1641   [           main] DEBUG dbc.datasource.DataSourceUtils  - Fetching JDBC Connection from DataSource
2021-04-07 10:03:35,167 1668   [           main] DEBUG resourcepool.BasicResourcePool  - incremented pending_acquires: 1
2021-04-07 10:03:35,167 1668   [           main] DEBUG resourcepool.BasicResourcePool  - incremented pending_acquires: 2
2021-04-07 10:03:35,167 1668   [           main] DEBUG resourcepool.BasicResourcePool  - incremented pending_acquires: 3
2021-04-07 10:03:35,167 1668   [           main] DEBUG resourcepool.BasicResourcePool  - com.mchange.v2.resourcepool.BasicResourcePool@3a1d593e config: [start -&gt; 3; min -&gt; 3; max -&gt; 15; inc -&gt; 3; num_acq_attempts -&gt; 30; acq_attempt_delay -&gt; 1000; check_idle_resources_delay -&gt; 0; mox_resource_age -&gt; 0; max_idle_time -&gt; 0; excess_max_idle_time -&gt; 0; destroy_unreturned_resc_time -&gt; 0; expiration_enforcement_delay -&gt; 0; break_on_acquisition_failure -&gt; false; debug_store_checkout_exceptions -&gt; false]
2021-04-07 10:03:35,168 1669   [           main] INFO  l.AbstractPoolBackedDataSource  - Initializing c3p0 pool... com.mchange.v2.c3p0.ComboPooledDataSource [ acquireIncrement -&gt; 3, acquireRetryAttempts -&gt; 30, acquireRetryDelay -&gt; 1000, autoCommitOnClose -&gt; false, automaticTestTable -&gt; null, breakAfterAcquireFailure -&gt; false, checkoutTimeout -&gt; 0, connectionCustomizerClassName -&gt; null, connectionTesterClassName -&gt; com.mchange.v2.c3p0.impl.DefaultConnectionTester, dataSourceName -&gt; 1hgemtdag1b6scpt150l1lt|4201c465, debugUnreturnedConnectionStackTraces -&gt; false, description -&gt; null, driverClass -&gt; com.mysql.cj.jdbc.Driver, factoryClassLocation -&gt; null, forceIgnoreUnresolvedTransactions -&gt; false, identityToken -&gt; 1hgemtdag1b6scpt150l1lt|4201c465, idleConnectionTestPeriod -&gt; 0, initialPoolSize -&gt; 3, jdbcUrl -&gt; jdbc:mysql://localhost:3306/ssm?useUnicode=true&amp;characterEncoding=utf-8&amp;serverTimezone=Asia/Shanghai, maxAdministrativeTaskTime -&gt; 0, maxConnectionAge -&gt; 0, maxIdleTime -&gt; 0, maxIdleTimeExcessConnections -&gt; 0, maxPoolSize -&gt; 15, maxStatements -&gt; 0, maxStatementsPerConnection -&gt; 0, minPoolSize -&gt; 3, numHelperThreads -&gt; 3, numThreadsAwaitingCheckoutDefaultUser -&gt; 0, preferredTestQuery -&gt; null, properties -&gt; {user=******, password=******}, propertyCycle -&gt; 0, testConnectionOnCheckin -&gt; false, testConnectionOnCheckout -&gt; false, unreturnedConnectionTimeout -&gt; 0, usesTraditionalReflectiveProxies -&gt; false ]
2021-04-07 10:03:35,168 1669   [           main] DEBUG resourcepool.BasicResourcePool  - acquire test -- pool size: 0; target_pool_size: 3; desired target? 1
2021-04-07 10:03:35,168 1669   [           main] DEBUG resourcepool.BasicResourcePool  - awaitAvailable(): [unknown]
2021-04-07 10:03:35,168 1669   [           main] DEBUG resourcepool.BasicResourcePool  - trace com.mchange.v2.resourcepool.BasicResourcePool@3a1d593e [managed: 0, unused: 0, excluded: 0]
2021-04-07 10:03:35,368 1869   [r$PoolThread-#2] DEBUG .impl.C3P0PooledConnectionPool  - com.mchange.v2.c3p0.impl.C3P0PooledConnectionPool$1PooledConnectionResourcePoolManager@4fc19473.acquireResource() returning. 
2021-04-07 10:03:35,368 1869   [r$PoolThread-#1] DEBUG .impl.C3P0PooledConnectionPool  - com.mchange.v2.c3p0.impl.C3P0PooledConnectionPool$1PooledConnectionResourcePoolManager@4fc19473.acquireResource() returning. 
2021-04-07 10:03:35,368 1869   [r$PoolThread-#0] DEBUG .impl.C3P0PooledConnectionPool  - com.mchange.v2.c3p0.impl.C3P0PooledConnectionPool$1PooledConnectionResourcePoolManager@4fc19473.acquireResource() returning. 
2021-04-07 10:03:35,368 1869   [r$PoolThread-#2] DEBUG resourcepool.BasicResourcePool  - trace com.mchange.v2.resourcepool.BasicResourcePool@3a1d593e [managed: 1, unused: 1, excluded: 0]
2021-04-07 10:03:35,368 1869   [r$PoolThread-#0] DEBUG resourcepool.BasicResourcePool  - trace com.mchange.v2.resourcepool.BasicResourcePool@3a1d593e [managed: 2, unused: 1, excluded: 0] (e.g. com.mchange.v2.c3p0.impl.NewPooledConnection@16692c40)
2021-04-07 10:03:35,368 1869   [r$PoolThread-#1] DEBUG resourcepool.BasicResourcePool  - trace com.mchange.v2.resourcepool.BasicResourcePool@3a1d593e [managed: 3, unused: 2, excluded: 0] (e.g. com.mchange.v2.c3p0.impl.NewPooledConnection@16692c40)
2021-04-07 10:03:35,368 1869   [r$PoolThread-#1] DEBUG resourcepool.BasicResourcePool  - decremented pending_acquires: 2
2021-04-07 10:03:35,368 1869   [r$PoolThread-#0] DEBUG resourcepool.BasicResourcePool  - decremented pending_acquires: 1
2021-04-07 10:03:35,368 1869   [           main] DEBUG resourcepool.BasicResourcePool  - trace com.mchange.v2.resourcepool.BasicResourcePool@3a1d593e [managed: 3, unused: 2, excluded: 0] (e.g. com.mchange.v2.c3p0.impl.NewPooledConnection@16692c40)
2021-04-07 10:03:35,369 1870   [r$PoolThread-#2] DEBUG resourcepool.BasicResourcePool  - decremented pending_acquires: 0
2021-04-07 10:03:35,369 1870   [           main] DEBUG ction.SpringManagedTransaction  - JDBC Connection [com.mchange.v2.c3p0.impl.NewProxyConnection@361c294e] will not be managed by Spring
2021-04-07 10:03:35,372 1873   [           main] DEBUG m.jiang.dao.OrdersDao.findById  - ==&gt;  Preparing: select * from orders where id = ?; 
2021-04-07 10:03:35,397 1898   [           main] DEBUG m.jiang.dao.OrdersDao.findById  - ==&gt; Parameters: 1(String)
2021-04-07 10:03:35,408 1909   [           main] DEBUG .c3p0.impl.NewPooledConnection  - com.mchange.v2.c3p0.impl.NewPooledConnection@16692c40 handling a throwable.
java.sql.SQLSyntaxErrorException: Table &apos;ssm.orders&apos; doesn&apos;t exist
	at com.mysql.cj.jdbc.exceptions.SQLError.createSQLException(SQLError.java:120)
	at com.mysql.cj.jdbc.exceptions.SQLExceptionsMapping.translateException(SQLExceptionsMapping.java:122)
	at com.mysql.cj.jdbc.ClientPreparedStatement.executeInternal(ClientPreparedStatement.java:953)
	at com.mysql.cj.jdbc.ClientPreparedStatement.execute(ClientPreparedStatement.java:370)
	at com.mchange.v2.c3p0.impl.NewProxyPreparedStatement.execute(NewProxyPreparedStatement.java:989)
	at sun.reflect.NativeMethodAccessorImpl.invoke0(Native Method)
	at sun.reflect.NativeMethodAccessorImpl.invoke(NativeMethodAccessorImpl.java:62)
	at sun.reflect.DelegatingMethodAccessorImpl.invoke(DelegatingMethodAccessorImpl.java:43)
	at java.lang.reflect.Method.invoke(Method.java:498)
	at org.apache.ibatis.logging.jdbc.PreparedStatementLogger.invoke(PreparedStatementLogger.java:59)
	at com.sun.proxy.$Proxy45.execute(Unknown Source)
	at org.apache.ibatis.executor.statement.PreparedStatementHandler.query(PreparedStatementHandler.java:63)
	at org.apache.ibatis.executor.statement.RoutingStatementHandler.query(RoutingStatementHandler.java:79)
	at org.apache.ibatis.executor.SimpleExecutor.doQuery(SimpleExecutor.java:63)
	at org.apache.ibatis.executor.BaseExecutor.queryFromDatabase(BaseExecutor.java:324)
	at org.apache.ibatis.executor.BaseExecutor.query(BaseExecutor.java:156)
	at org.apache.ibatis.executor.CachingExecutor.query(CachingExecutor.java:109)
	at com.github.pagehelper.PageInterceptor.intercept(PageInterceptor.java:143)
	at org.apache.ibatis.plugin.Plugin.invoke(Plugin.java:61)
	at com.sun.proxy.$Proxy43.query(Unknown Source)
	at org.apache.ibatis.session.defaults.DefaultSqlSession.selectList(DefaultSqlSession.java:148)
	at org.apache.ibatis.session.defaults.DefaultSqlSession.selectList(DefaultSqlSession.java:141)
	at org.apache.ibatis.session.defaults.DefaultSqlSession.selectOne(DefaultSqlSession.java:77)
	at sun.reflect.NativeMethodAccessorImpl.invoke0(Native Method)
	at sun.reflect.NativeMethodAccessorImpl.invoke(NativeMethodAccessorImpl.java:62)
	at sun.reflect.DelegatingMethodAccessorImpl.invoke(DelegatingMethodAccessorImpl.java:43)
	at java.lang.reflect.Method.invoke(Method.java:498)
	at org.mybatis.spring.SqlSessionTemplate$SqlSessionInterceptor.invoke(SqlSessionTemplate.java:434)
	at com.sun.proxy.$Proxy26.selectOne(Unknown Source)
	at org.mybatis.spring.SqlSessionTemplate.selectOne(SqlSessionTemplate.java:167)
	at org.apache.ibatis.binding.MapperMethod.execute(MapperMethod.java:82)
	at org.apache.ibatis.binding.MapperProxy.invoke(MapperProxy.java:59)
	at com.sun.proxy.$Proxy29.findById(Unknown Source)
	at com.jiang.service.Impl.OrderServiceImpl.findById(OrderServiceImpl.java:35)
	at com.jiang.SpringTest.SrerviceTest.test(SrerviceTest.java:34)
	at sun.reflect.NativeMethodAccessorImpl.invoke0(Native Method)
	at sun.reflect.NativeMethodAccessorImpl.invoke(NativeMethodAccessorImpl.java:62)
	at sun.reflect.DelegatingMethodAccessorImpl.invoke(DelegatingMethodAccessorImpl.java:43)
	at java.lang.reflect.Method.invoke(Method.java:498)
	at org.junit.runners.model.FrameworkMethod$1.runReflectiveCall(FrameworkMethod.java:50)
	at org.junit.internal.runners.model.ReflectiveCallable.run(ReflectiveCallable.java:12)
	at org.junit.runners.model.FrameworkMethod.invokeExplosively(FrameworkMethod.java:47)
	at org.junit.internal.runners.statements.InvokeMethod.evaluate(InvokeMethod.java:17)
	at org.springframework.test.context.junit4.statements.RunBeforeTestExecutionCallbacks.evaluate(RunBeforeTestExecutionCallbacks.java:74)
	at org.springframework.test.context.junit4.statements.RunAfterTestExecutionCallbacks.evaluate(RunAfterTestExecutionCallbacks.java:84)
	at org.springframework.test.context.junit4.statements.RunBeforeTestMethodCallbacks.evaluate(RunBeforeTestMethodCallbacks.java:75)
	at org.springframework.test.context.junit4.statements.RunAfterTestMethodCallbacks.evaluate(RunAfterTestMethodCallbacks.java:86)
	at org.springframework.test.context.junit4.statements.SpringRepeat.evaluate(SpringRepeat.java:84)
	at org.junit.runners.ParentRunner.runLeaf(ParentRunner.java:325)
	at org.springframework.test.context.junit4.SpringJUnit4ClassRunner.runChild(SpringJUnit4ClassRunner.java:251)
	at org.springframework.test.context.junit4.SpringJUnit4ClassRunner.runChild(SpringJUnit4ClassRunner.java:97)
	at org.junit.runners.ParentRunner$3.run(ParentRunner.java:290)
	at org.junit.runners.ParentRunner$1.schedule(ParentRunner.java:71)
	at org.junit.runners.ParentRunner.runChildren(ParentRunner.java:288)
	at org.junit.runners.ParentRunner.access$000(ParentRunner.java:58)
	at org.junit.runners.ParentRunner$2.evaluate(ParentRunner.java:268)
	at org.springframework.test.context.junit4.statements.RunBeforeTestClassCallbacks.evaluate(RunBeforeTestClassCallbacks.java:61)
	at org.springframework.test.context.junit4.statements.RunAfterTestClassCallbacks.evaluate(RunAfterTestClassCallbacks.java:70)
	at org.junit.runners.ParentRunner.run(ParentRunner.java:363)
	at org.springframework.test.context.junit4.SpringJUnit4ClassRunner.run(SpringJUnit4ClassRunner.java:190)
	at org.apache.maven.surefire.junit4.JUnit4Provider.execute(JUnit4Provider.java:252)
	at org.apache.maven.surefire.junit4.JUnit4Provider.executeTestSet(JUnit4Provider.java:141)
	at org.apache.maven.surefire.junit4.JUnit4Provider.invoke(JUnit4Provider.java:112)
	at sun.reflect.NativeMethodAccessorImpl.invoke0(Native Method)
	at sun.reflect.NativeMethodAccessorImpl.invoke(NativeMethodAccessorImpl.java:62)
	at sun.reflect.DelegatingMethodAccessorImpl.invoke(DelegatingMethodAccessorImpl.java:43)
	at java.lang.reflect.Method.invoke(Method.java:498)
	at org.apache.maven.surefire.util.ReflectionUtils.invokeMethodWithArray(ReflectionUtils.java:189)
	at org.apache.maven.surefire.booter.ProviderFactory$ProviderProxy.invoke(ProviderFactory.java:165)
	at org.apache.maven.surefire.booter.ProviderFactory.invokeProvider(ProviderFactory.java:85)
	at org.apache.maven.surefire.booter.ForkedBooter.runSuitesInProcess(ForkedBooter.java:115)
	at org.apache.maven.surefire.booter.ForkedBooter.main(ForkedBooter.java:75)
2021-04-07 10:03:35,413 1914   [           main] DEBUG    com.mchange.v2.sql.SqlUtils  - Attempted to convert SQLException to SQLException. Leaving it alone. [SQLState: 42S02; errorCode: 1146]
java.sql.SQLSyntaxErrorException: Table &apos;ssm.orders&apos; doesn&apos;t exist
	at com.mysql.cj.jdbc.exceptions.SQLError.createSQLException(SQLError.java:120)
	at com.mysql.cj.jdbc.exceptions.SQLExceptionsMapping.translateException(SQLExceptionsMapping.java:122)
	at com.mysql.cj.jdbc.ClientPreparedStatement.executeInternal(ClientPreparedStatement.java:953)
	at com.mysql.cj.jdbc.ClientPreparedStatement.execute(ClientPreparedStatement.java:370)
	at com.mchange.v2.c3p0.impl.NewProxyPreparedStatement.execute(NewProxyPreparedStatement.java:989)
	at sun.reflect.NativeMethodAccessorImpl.invoke0(Native Method)
	at sun.reflect.NativeMethodAccessorImpl.invoke(NativeMethodAccessorImpl.java:62)
	at sun.reflect.DelegatingMethodAccessorImpl.invoke(DelegatingMethodAccessorImpl.java:43)
	at java.lang.reflect.Method.invoke(Method.java:498)
	at org.apache.ibatis.logging.jdbc.PreparedStatementLogger.invoke(PreparedStatementLogger.java:59)
	at com.sun.proxy.$Proxy45.execute(Unknown Source)
	at org.apache.ibatis.executor.statement.PreparedStatementHandler.query(PreparedStatementHandler.java:63)
	at org.apache.ibatis.executor.statement.RoutingStatementHandler.query(RoutingStatementHandler.java:79)
	at org.apache.ibatis.executor.SimpleExecutor.doQuery(SimpleExecutor.java:63)
	at org.apache.ibatis.executor.BaseExecutor.queryFromDatabase(BaseExecutor.java:324)
	at org.apache.ibatis.executor.BaseExecutor.query(BaseExecutor.java:156)
	at org.apache.ibatis.executor.CachingExecutor.query(CachingExecutor.java:109)
	at com.github.pagehelper.PageInterceptor.intercept(PageInterceptor.java:143)
	at org.apache.ibatis.plugin.Plugin.invoke(Plugin.java:61)
	at com.sun.proxy.$Proxy43.query(Unknown Source)
	at org.apache.ibatis.session.defaults.DefaultSqlSession.selectList(DefaultSqlSession.java:148)
	at org.apache.ibatis.session.defaults.DefaultSqlSession.selectList(DefaultSqlSession.java:141)
	at org.apache.ibatis.session.defaults.DefaultSqlSession.selectOne(DefaultSqlSession.java:77)
	at sun.reflect.NativeMethodAccessorImpl.invoke0(Native Method)
	at sun.reflect.NativeMethodAccessorImpl.invoke(NativeMethodAccessorImpl.java:62)
	at sun.reflect.DelegatingMethodAccessorImpl.invoke(DelegatingMethodAccessorImpl.java:43)
	at java.lang.reflect.Method.invoke(Method.java:498)
	at org.mybatis.spring.SqlSessionTemplate$SqlSessionInterceptor.invoke(SqlSessionTemplate.java:434)
	at com.sun.proxy.$Proxy26.selectOne(Unknown Source)
	at org.mybatis.spring.SqlSessionTemplate.selectOne(SqlSessionTemplate.java:167)
	at org.apache.ibatis.binding.MapperMethod.execute(MapperMethod.java:82)
	at org.apache.ibatis.binding.MapperProxy.invoke(MapperProxy.java:59)
	at com.sun.proxy.$Proxy29.findById(Unknown Source)
	at com.jiang.service.Impl.OrderServiceImpl.findById(OrderServiceImpl.java:35)
	at com.jiang.SpringTest.SrerviceTest.test(SrerviceTest.java:34)
	at sun.reflect.NativeMethodAccessorImpl.invoke0(Native Method)
	at sun.reflect.NativeMethodAccessorImpl.invoke(NativeMethodAccessorImpl.java:62)
	at sun.reflect.DelegatingMethodAccessorImpl.invoke(DelegatingMethodAccessorImpl.java:43)
	at java.lang.reflect.Method.invoke(Method.java:498)
	at org.junit.runners.model.FrameworkMethod$1.runReflectiveCall(FrameworkMethod.java:50)
	at org.junit.internal.runners.model.ReflectiveCallable.run(ReflectiveCallable.java:12)
	at org.junit.runners.model.FrameworkMethod.invokeExplosively(FrameworkMethod.java:47)
	at org.junit.internal.runners.statements.InvokeMethod.evaluate(InvokeMethod.java:17)
	at org.springframework.test.context.junit4.statements.RunBeforeTestExecutionCallbacks.evaluate(RunBeforeTestExecutionCallbacks.java:74)
	at org.springframework.test.context.junit4.statements.RunAfterTestExecutionCallbacks.evaluate(RunAfterTestExecutionCallbacks.java:84)
	at org.springframework.test.context.junit4.statements.RunBeforeTestMethodCallbacks.evaluate(RunBeforeTestMethodCallbacks.java:75)
	at org.springframework.test.context.junit4.statements.RunAfterTestMethodCallbacks.evaluate(RunAfterTestMethodCallbacks.java:86)
	at org.springframework.test.context.junit4.statements.SpringRepeat.evaluate(SpringRepeat.java:84)
	at org.junit.runners.ParentRunner.runLeaf(ParentRunner.java:325)
	at org.springframework.test.context.junit4.SpringJUnit4ClassRunner.runChild(SpringJUnit4ClassRunner.java:251)
	at org.springframework.test.context.junit4.SpringJUnit4ClassRunner.runChild(SpringJUnit4ClassRunner.java:97)
	at org.junit.runners.ParentRunner$3.run(ParentRunner.java:290)
	at org.junit.runners.ParentRunner$1.schedule(ParentRunner.java:71)
	at org.junit.runners.ParentRunner.runChildren(ParentRunner.java:288)
	at org.junit.runners.ParentRunner.access$000(ParentRunner.java:58)
	at org.junit.runners.ParentRunner$2.evaluate(ParentRunner.java:268)
	at org.springframework.test.context.junit4.statements.RunBeforeTestClassCallbacks.evaluate(RunBeforeTestClassCallbacks.java:61)
	at org.springframework.test.context.junit4.statements.RunAfterTestClassCallbacks.evaluate(RunAfterTestClassCallbacks.java:70)
	at org.junit.runners.ParentRunner.run(ParentRunner.java:363)
	at org.springframework.test.context.junit4.SpringJUnit4ClassRunner.run(SpringJUnit4ClassRunner.java:190)
	at org.apache.maven.surefire.junit4.JUnit4Provider.execute(JUnit4Provider.java:252)
	at org.apache.maven.surefire.junit4.JUnit4Provider.executeTestSet(JUnit4Provider.java:141)
	at org.apache.maven.surefire.junit4.JUnit4Provider.invoke(JUnit4Provider.java:112)
	at sun.reflect.NativeMethodAccessorImpl.invoke0(Native Method)
	at sun.reflect.NativeMethodAccessorImpl.invoke(NativeMethodAccessorImpl.java:62)
	at sun.reflect.DelegatingMethodAccessorImpl.invoke(DelegatingMethodAccessorImpl.java:43)
	at java.lang.reflect.Method.invoke(Method.java:498)
	at org.apache.maven.surefire.util.ReflectionUtils.invokeMethodWithArray(ReflectionUtils.java:189)
	at org.apache.maven.surefire.booter.ProviderFactory$ProviderProxy.invoke(ProviderFactory.java:165)
	at org.apache.maven.surefire.booter.ProviderFactory.invokeProvider(ProviderFactory.java:85)
	at org.apache.maven.surefire.booter.ForkedBooter.runSuitesInProcess(ForkedBooter.java:115)
	at org.apache.maven.surefire.booter.ForkedBooter.main(ForkedBooter.java:75)
2021-04-07 10:03:35,413 1914   [           main] DEBUG 0.impl.DefaultConnectionTester  - Testing a Connection in response to an Exception:
java.sql.SQLSyntaxErrorException: Table &apos;ssm.orders&apos; doesn&apos;t exist
	at com.mysql.cj.jdbc.exceptions.SQLError.createSQLException(SQLError.java:120)
	at com.mysql.cj.jdbc.exceptions.SQLExceptionsMapping.translateException(SQLExceptionsMapping.java:122)
	at com.mysql.cj.jdbc.ClientPreparedStatement.executeInternal(ClientPreparedStatement.java:953)
	at com.mysql.cj.jdbc.ClientPreparedStatement.execute(ClientPreparedStatement.java:370)
	at com.mchange.v2.c3p0.impl.NewProxyPreparedStatement.execute(NewProxyPreparedStatement.java:989)
	at sun.reflect.NativeMethodAccessorImpl.invoke0(Native Method)
	at sun.reflect.NativeMethodAccessorImpl.invoke(NativeMethodAccessorImpl.java:62)
	at sun.reflect.DelegatingMethodAccessorImpl.invoke(DelegatingMethodAccessorImpl.java:43)
	at java.lang.reflect.Method.invoke(Method.java:498)
	at org.apache.ibatis.logging.jdbc.PreparedStatementLogger.invoke(PreparedStatementLogger.java:59)
	at com.sun.proxy.$Proxy45.execute(Unknown Source)
	at org.apache.ibatis.executor.statement.PreparedStatementHandler.query(PreparedStatementHandler.java:63)
	at org.apache.ibatis.executor.statement.RoutingStatementHandler.query(RoutingStatementHandler.java:79)
	at org.apache.ibatis.executor.SimpleExecutor.doQuery(SimpleExecutor.java:63)
	at org.apache.ibatis.executor.BaseExecutor.queryFromDatabase(BaseExecutor.java:324)
	at org.apache.ibatis.executor.BaseExecutor.query(BaseExecutor.java:156)
	at org.apache.ibatis.executor.CachingExecutor.query(CachingExecutor.java:109)
	at com.github.pagehelper.PageInterceptor.intercept(PageInterceptor.java:143)
	at org.apache.ibatis.plugin.Plugin.invoke(Plugin.java:61)
	at com.sun.proxy.$Proxy43.query(Unknown Source)
	at org.apache.ibatis.session.defaults.DefaultSqlSession.selectList(DefaultSqlSession.java:148)
	at org.apache.ibatis.session.defaults.DefaultSqlSession.selectList(DefaultSqlSession.java:141)
	at org.apache.ibatis.session.defaults.DefaultSqlSession.selectOne(DefaultSqlSession.java:77)
	at sun.reflect.NativeMethodAccessorImpl.invoke0(Native Method)
	at sun.reflect.NativeMethodAccessorImpl.invoke(NativeMethodAccessorImpl.java:62)
	at sun.reflect.DelegatingMethodAccessorImpl.invoke(DelegatingMethodAccessorImpl.java:43)
	at java.lang.reflect.Method.invoke(Method.java:498)
	at org.mybatis.spring.SqlSessionTemplate$SqlSessionInterceptor.invoke(SqlSessionTemplate.java:434)
	at com.sun.proxy.$Proxy26.selectOne(Unknown Source)
	at org.mybatis.spring.SqlSessionTemplate.selectOne(SqlSessionTemplate.java:167)
	at org.apache.ibatis.binding.MapperMethod.execute(MapperMethod.java:82)
	at org.apache.ibatis.binding.MapperProxy.invoke(MapperProxy.java:59)
	at com.sun.proxy.$Proxy29.findById(Unknown Source)
	at com.jiang.service.Impl.OrderServiceImpl.findById(OrderServiceImpl.java:35)
	at com.jiang.SpringTest.SrerviceTest.test(SrerviceTest.java:34)
	at sun.reflect.NativeMethodAccessorImpl.invoke0(Native Method)
	at sun.reflect.NativeMethodAccessorImpl.invoke(NativeMethodAccessorImpl.java:62)
	at sun.reflect.DelegatingMethodAccessorImpl.invoke(DelegatingMethodAccessorImpl.java:43)
	at java.lang.reflect.Method.invoke(Method.java:498)
	at org.junit.runners.model.FrameworkMethod$1.runReflectiveCall(FrameworkMethod.java:50)
	at org.junit.internal.runners.model.ReflectiveCallable.run(ReflectiveCallable.java:12)
	at org.junit.runners.model.FrameworkMethod.invokeExplosively(FrameworkMethod.java:47)
	at org.junit.internal.runners.statements.InvokeMethod.evaluate(InvokeMethod.java:17)
	at org.springframework.test.context.junit4.statements.RunBeforeTestExecutionCallbacks.evaluate(RunBeforeTestExecutionCallbacks.java:74)
	at org.springframework.test.context.junit4.statements.RunAfterTestExecutionCallbacks.evaluate(RunAfterTestExecutionCallbacks.java:84)
	at org.springframework.test.context.junit4.statements.RunBeforeTestMethodCallbacks.evaluate(RunBeforeTestMethodCallbacks.java:75)
	at org.springframework.test.context.junit4.statements.RunAfterTestMethodCallbacks.evaluate(RunAfterTestMethodCallbacks.java:86)
	at org.springframework.test.context.junit4.statements.SpringRepeat.evaluate(SpringRepeat.java:84)
	at org.junit.runners.ParentRunner.runLeaf(ParentRunner.java:325)
	at org.springframework.test.context.junit4.SpringJUnit4ClassRunner.runChild(SpringJUnit4ClassRunner.java:251)
	at org.springframework.test.context.junit4.SpringJUnit4ClassRunner.runChild(SpringJUnit4ClassRunner.java:97)
	at org.junit.runners.ParentRunner$3.run(ParentRunner.java:290)
	at org.junit.runners.ParentRunner$1.schedule(ParentRunner.java:71)
	at org.junit.runners.ParentRunner.runChildren(ParentRunner.java:288)
	at org.junit.runners.ParentRunner.access$000(ParentRunner.java:58)
	at org.junit.runners.ParentRunner$2.evaluate(ParentRunner.java:268)
	at org.springframework.test.context.junit4.statements.RunBeforeTestClassCallbacks.evaluate(RunBeforeTestClassCallbacks.java:61)
	at org.springframework.test.context.junit4.statements.RunAfterTestClassCallbacks.evaluate(RunAfterTestClassCallbacks.java:70)
	at org.junit.runners.ParentRunner.run(ParentRunner.java:363)
	at org.springframework.test.context.junit4.SpringJUnit4ClassRunner.run(SpringJUnit4ClassRunner.java:190)
	at org.apache.maven.surefire.junit4.JUnit4Provider.execute(JUnit4Provider.java:252)
	at org.apache.maven.surefire.junit4.JUnit4Provider.executeTestSet(JUnit4Provider.java:141)
	at org.apache.maven.surefire.junit4.JUnit4Provider.invoke(JUnit4Provider.java:112)
	at sun.reflect.NativeMethodAccessorImpl.invoke0(Native Method)
	at sun.reflect.NativeMethodAccessorImpl.invoke(NativeMethodAccessorImpl.java:62)
	at sun.reflect.DelegatingMethodAccessorImpl.invoke(DelegatingMethodAccessorImpl.java:43)
	at java.lang.reflect.Method.invoke(Method.java:498)
	at org.apache.maven.surefire.util.ReflectionUtils.invokeMethodWithArray(ReflectionUtils.java:189)
	at org.apache.maven.surefire.booter.ProviderFactory$ProviderProxy.invoke(ProviderFactory.java:165)
	at org.apache.maven.surefire.booter.ProviderFactory.invokeProvider(ProviderFactory.java:85)
	at org.apache.maven.surefire.booter.ForkedBooter.runSuitesInProcess(ForkedBooter.java:115)
	at org.apache.maven.surefire.booter.ForkedBooter.main(ForkedBooter.java:75)
2021-04-07 10:03:35,429 1930   [           main] DEBUG mybatis.spring.SqlSessionUtils  - Closing non transactional SqlSession [org.apache.ibatis.session.defaults.DefaultSqlSession@6a62689d]
2021-04-07 10:03:35,430 1931   [           main] DEBUG resourcepool.BasicResourcePool  - trace com.mchange.v2.resourcepool.BasicResourcePool@3a1d593e [managed: 3, unused: 2, excluded: 0] (e.g. com.mchange.v2.c3p0.impl.NewPooledConnection@16692c40)
2021-04-07 10:03:35,445 1946   [           main] DEBUG ry.xml.XmlBeanDefinitionReader  - Loaded 11 bean definitions from class path resource [org/springframework/jdbc/support/sql-error-codes.xml]
2021-04-07 10:03:35,446 1947   [           main] DEBUG ort.DefaultListableBeanFactory  - Creating shared instance of singleton bean &apos;DB2&apos;
2021-04-07 10:03:35,449 1950   [           main] DEBUG ort.DefaultListableBeanFactory  - Creating shared instance of singleton bean &apos;Derby&apos;
2021-04-07 10:03:35,450 1951   [           main] DEBUG ort.DefaultListableBeanFactory  - Creating shared instance of singleton bean &apos;H2&apos;
2021-04-07 10:03:35,450 1951   [           main] DEBUG ort.DefaultListableBeanFactory  - Creating shared instance of singleton bean &apos;HDB&apos;
2021-04-07 10:03:35,451 1952   [           main] DEBUG ort.DefaultListableBeanFactory  - Creating shared instance of singleton bean &apos;HSQL&apos;
2021-04-07 10:03:35,452 1953   [           main] DEBUG ort.DefaultListableBeanFactory  - Creating shared instance of singleton bean &apos;Informix&apos;
2021-04-07 10:03:35,452 1953   [           main] DEBUG ort.DefaultListableBeanFactory  - Creating shared instance of singleton bean &apos;MS-SQL&apos;
2021-04-07 10:03:35,452 1953   [           main] DEBUG ort.DefaultListableBeanFactory  - Creating shared instance of singleton bean &apos;MySQL&apos;
2021-04-07 10:03:35,453 1954   [           main] DEBUG ort.DefaultListableBeanFactory  - Creating shared instance of singleton bean &apos;Oracle&apos;
2021-04-07 10:03:35,453 1954   [           main] DEBUG ort.DefaultListableBeanFactory  - Creating shared instance of singleton bean &apos;PostgreSQL&apos;
2021-04-07 10:03:35,454 1955   [           main] DEBUG ort.DefaultListableBeanFactory  - Creating shared instance of singleton bean &apos;Sybase&apos;
2021-04-07 10:03:35,455 1956   [           main] DEBUG c.support.SQLErrorCodesFactory  - Looking up default SQLErrorCodes for DataSource [com.mchange.v2.c3p0.ComboPooledDataSource@5ab47962]
2021-04-07 10:03:35,457 1958   [           main] DEBUG dbc.datasource.DataSourceUtils  - Fetching JDBC Connection from DataSource
2021-04-07 10:03:35,457 1958   [           main] DEBUG resourcepool.BasicResourcePool  - trace com.mchange.v2.resourcepool.BasicResourcePool@3a1d593e [managed: 3, unused: 2, excluded: 0] (e.g. com.mchange.v2.c3p0.impl.NewPooledConnection@16692c40)
2021-04-07 10:03:35,461 1962   [           main] DEBUG resourcepool.BasicResourcePool  - trace com.mchange.v2.resourcepool.BasicResourcePool@3a1d593e [managed: 3, unused: 2, excluded: 0] (e.g. com.mchange.v2.c3p0.impl.NewPooledConnection@16692c40)
2021-04-07 10:03:35,461 1962   [           main] DEBUG c.support.SQLErrorCodesFactory  - SQL error codes for &apos;MySQL&apos; found
2021-04-07 10:03:35,461 1962   [           main] DEBUG c.support.SQLErrorCodesFactory  - Caching SQL error codes for DataSource [com.mchange.v2.c3p0.ComboPooledDataSource@5ab47962]: database product name is &apos;MySQL&apos;
2021-04-07 10:03:35,461 1962   [           main] DEBUG rrorCodeSQLExceptionTranslator  - Translating SQLException with SQL state &apos;42S02&apos;, error code &apos;1146&apos;, message [Table &apos;ssm.orders&apos; doesn&apos;t exist] for task [
### Error querying database.  Cause: java.sql.SQLSyntaxErrorException: Table &apos;ssm.orders&apos; doesn&apos;t exist
### The error may exist in file [D:\Document\Code\java\coding\Manage_SSM\target\classes\com\jiang\mapper\OrdersMapper.xml]
### The error may involve com.jiang.dao.OrdersDao.findById-Inline
### The error occurred while setting parameters
### SQL: select  * from orders where id = ?;
### Cause: java.sql.SQLSyntaxErrorException: Table &apos;ssm.orders&apos; doesn&apos;t exist
]
2021-04-07 10:03:35,462 1963   [           main] DEBUG acheAwareContextLoaderDelegate  - Retrieved ApplicationContext [246550802] from cache with key [[MergedContextConfiguration@6121c9d6 testClass = SrerviceTest, locations = &apos;{classpath*:applicationContext.xml}&apos;, classes = &apos;{}&apos;, contextInitializerClasses = &apos;[]&apos;, activeProfiles = &apos;{}&apos;, propertySourceLocations = &apos;{}&apos;, propertySourceProperties = &apos;{}&apos;, contextCustomizers = set[[empty]], contextLoader = &apos;org.springframework.test.context.support.DelegatingSmartContextLoader&apos;, parent = [null]]]
2021-04-07 10:03:35,462 1963   [           main] DEBUG ngframework.test.context.cache  - Spring test ApplicationContext cache statistics: [DefaultContextCache@42b64ab8 size = 1, maxSize = 32, parentContextCount = 0, hitCount = 4, missCount = 1]
2021-04-07 10:03:35,463 1964   [           main] DEBUG acheAwareContextLoaderDelegate  - Retrieved ApplicationContext [246550802] from cache with key [[MergedContextConfiguration@6121c9d6 testClass = SrerviceTest, locations = &apos;{classpath*:applicationContext.xml}&apos;, classes = &apos;{}&apos;, contextInitializerClasses = &apos;[]&apos;, activeProfiles = &apos;{}&apos;, propertySourceLocations = &apos;{}&apos;, propertySourceProperties = &apos;{}&apos;, contextCustomizers = set[[empty]], contextLoader = &apos;org.springframework.test.context.support.DelegatingSmartContextLoader&apos;, parent = [null]]]
2021-04-07 10:03:35,463 1964   [           main] DEBUG ngframework.test.context.cache  - Spring test ApplicationContext cache statistics: [DefaultContextCache@42b64ab8 size = 1, maxSize = 32, parentContextCount = 0, hitCount = 5, missCount = 1]
2021-04-07 10:03:35,464 1965   [           main] DEBUG esContextTestExecutionListener  - After test method: context [DefaultTestContext@ed9d034 testClass = SrerviceTest, testInstance = com.jiang.SpringTest.SrerviceTest@2db7a79b, testMethod = test@SrerviceTest, testException = org.springframework.jdbc.BadSqlGrammarException: 
### Error querying database.  Cause: java.sql.SQLSyntaxErrorException: Table &apos;ssm.orders&apos; doesn&apos;t exist
### The error may exist in file [D:\Document\Code\java\coding\Manage_SSM\target\classes\com\jiang\mapper\OrdersMapper.xml]
### The error may involve com.jiang.dao.OrdersDao.findById-Inline
### The error occurred while setting parameters
### SQL: select  * from orders where id = ?;
### Cause: java.sql.SQLSyntaxErrorException: Table &apos;ssm.orders&apos; doesn&apos;t exist
; bad SQL grammar []; nested exception is java.sql.SQLSyntaxErrorException: Table &apos;ssm.orders&apos; doesn&apos;t exist, mergedContextConfiguration = [MergedContextConfiguration@6121c9d6 testClass = SrerviceTest, locations = &apos;{classpath*:applicationContext.xml}&apos;, classes = &apos;{}&apos;, contextInitializerClasses = &apos;[]&apos;, activeProfiles = &apos;{}&apos;, propertySourceLocations = &apos;{}&apos;, propertySourceProperties = &apos;{}&apos;, contextCustomizers = set[[empty]], contextLoader = &apos;org.springframework.test.context.support.DelegatingSmartContextLoader&apos;, parent = [null]], attributes = map[[empty]]], class annotated with @DirtiesContext [false] with mode [null], method annotated with @DirtiesContext [false] with mode [null].
</system-out>
    <system-err>log4j:ERROR Could not find value for key log4j.appender.LOGFILE
log4j:ERROR Could not instantiate appender named &quot;LOGFILE&quot;.
</system-err>
  </testcase>
  <testcase classname="com.jiang.SpringTest.SrerviceTest" name="Test3" time="0.031"/>
  <testcase classname="com.jiang.SpringTest.SrerviceTest" name="test1" time="0.047">
    <error message="
### Error querying database.  Cause: java.sql.SQLSyntaxErrorException: Table &apos;ssm.orders&apos; doesn&apos;t exist
### The error may exist in file [D:\Document\Code\java\coding\Manage_SSM\target\classes\com\jiang\mapper\OrdersMapper.xml]
### The error may involve defaultParameterMap
### The error occurred while setting parameters
### SQL: SELECT count(0) FROM orders o LEFT JOIN product p ON o.productId = p.id LEFT JOIN member m ON o.memberId = m.id LEFT JOIN traveller t ON t.id = (SELECT travellerId FROM order_traveller WHERE orderId = o.id)
### Cause: java.sql.SQLSyntaxErrorException: Table &apos;ssm.orders&apos; doesn&apos;t exist
; bad SQL grammar []; nested exception is java.sql.SQLSyntaxErrorException: Table &apos;ssm.orders&apos; doesn&apos;t exist" type="org.springframework.jdbc.BadSqlGrammarException">org.springframework.jdbc.BadSqlGrammarException: 
### Error querying database.  Cause: java.sql.SQLSyntaxErrorException: Table &apos;ssm.orders&apos; doesn&apos;t exist
### The error may exist in file [D:\Document\Code\java\coding\Manage_SSM\target\classes\com\jiang\mapper\OrdersMapper.xml]
### The error may involve defaultParameterMap
### The error occurred while setting parameters
### SQL: SELECT count(0) FROM orders o LEFT JOIN product p ON o.productId = p.id LEFT JOIN member m ON o.memberId = m.id LEFT JOIN traveller t ON t.id = (SELECT travellerId FROM order_traveller WHERE orderId = o.id)
### Cause: java.sql.SQLSyntaxErrorException: Table &apos;ssm.orders&apos; doesn&apos;t exist
; bad SQL grammar []; nested exception is java.sql.SQLSyntaxErrorException: Table &apos;ssm.orders&apos; doesn&apos;t exist
	at org.springframework.jdbc.support.SQLErrorCodeSQLExceptionTranslator.doTranslate(SQLErrorCodeSQLExceptionTranslator.java:235)
	at org.springframework.jdbc.support.AbstractFallbackSQLExceptionTranslator.translate(AbstractFallbackSQLExceptionTranslator.java:72)
	at org.mybatis.spring.MyBatisExceptionTranslator.translateExceptionIfPossible(MyBatisExceptionTranslator.java:75)
	at org.mybatis.spring.SqlSessionTemplate$SqlSessionInterceptor.invoke(SqlSessionTemplate.java:447)
	at com.sun.proxy.$Proxy26.selectList(Unknown Source)
	at org.mybatis.spring.SqlSessionTemplate.selectList(SqlSessionTemplate.java:231)
	at org.apache.ibatis.binding.MapperMethod.executeForMany(MapperMethod.java:137)
	at org.apache.ibatis.binding.MapperMethod.execute(MapperMethod.java:75)
	at org.apache.ibatis.binding.MapperProxy.invoke(MapperProxy.java:59)
	at com.sun.proxy.$Proxy29.findAll(Unknown Source)
	at com.jiang.service.Impl.OrderServiceImpl.findAll(OrderServiceImpl.java:27)
	at com.jiang.SpringTest.SrerviceTest.test1(SrerviceTest.java:42)
	at sun.reflect.NativeMethodAccessorImpl.invoke0(Native Method)
	at sun.reflect.NativeMethodAccessorImpl.invoke(NativeMethodAccessorImpl.java:62)
	at sun.reflect.DelegatingMethodAccessorImpl.invoke(DelegatingMethodAccessorImpl.java:43)
	at java.lang.reflect.Method.invoke(Method.java:498)
	at org.junit.runners.model.FrameworkMethod$1.runReflectiveCall(FrameworkMethod.java:50)
	at org.junit.internal.runners.model.ReflectiveCallable.run(ReflectiveCallable.java:12)
	at org.junit.runners.model.FrameworkMethod.invokeExplosively(FrameworkMethod.java:47)
	at org.junit.internal.runners.statements.InvokeMethod.evaluate(InvokeMethod.java:17)
	at org.springframework.test.context.junit4.statements.RunBeforeTestExecutionCallbacks.evaluate(RunBeforeTestExecutionCallbacks.java:74)
	at org.springframework.test.context.junit4.statements.RunAfterTestExecutionCallbacks.evaluate(RunAfterTestExecutionCallbacks.java:84)
	at org.springframework.test.context.junit4.statements.RunBeforeTestMethodCallbacks.evaluate(RunBeforeTestMethodCallbacks.java:75)
	at org.springframework.test.context.junit4.statements.RunAfterTestMethodCallbacks.evaluate(RunAfterTestMethodCallbacks.java:86)
	at org.springframework.test.context.junit4.statements.SpringRepeat.evaluate(SpringRepeat.java:84)
	at org.junit.runners.ParentRunner.runLeaf(ParentRunner.java:325)
	at org.springframework.test.context.junit4.SpringJUnit4ClassRunner.runChild(SpringJUnit4ClassRunner.java:251)
	at org.springframework.test.context.junit4.SpringJUnit4ClassRunner.runChild(SpringJUnit4ClassRunner.java:97)
	at org.junit.runners.ParentRunner$3.run(ParentRunner.java:290)
	at org.junit.runners.ParentRunner$1.schedule(ParentRunner.java:71)
	at org.junit.runners.ParentRunner.runChildren(ParentRunner.java:288)
	at org.junit.runners.ParentRunner.access$000(ParentRunner.java:58)
	at org.junit.runners.ParentRunner$2.evaluate(ParentRunner.java:268)
	at org.springframework.test.context.junit4.statements.RunBeforeTestClassCallbacks.evaluate(RunBeforeTestClassCallbacks.java:61)
	at org.springframework.test.context.junit4.statements.RunAfterTestClassCallbacks.evaluate(RunAfterTestClassCallbacks.java:70)
	at org.junit.runners.ParentRunner.run(ParentRunner.java:363)
	at org.springframework.test.context.junit4.SpringJUnit4ClassRunner.run(SpringJUnit4ClassRunner.java:190)
	at org.apache.maven.surefire.junit4.JUnit4Provider.execute(JUnit4Provider.java:252)
	at org.apache.maven.surefire.junit4.JUnit4Provider.executeTestSet(JUnit4Provider.java:141)
	at org.apache.maven.surefire.junit4.JUnit4Provider.invoke(JUnit4Provider.java:112)
	at sun.reflect.NativeMethodAccessorImpl.invoke0(Native Method)
	at sun.reflect.NativeMethodAccessorImpl.invoke(NativeMethodAccessorImpl.java:62)
	at sun.reflect.DelegatingMethodAccessorImpl.invoke(DelegatingMethodAccessorImpl.java:43)
	at java.lang.reflect.Method.invoke(Method.java:498)
	at org.apache.maven.surefire.util.ReflectionUtils.invokeMethodWithArray(ReflectionUtils.java:189)
	at org.apache.maven.surefire.booter.ProviderFactory$ProviderProxy.invoke(ProviderFactory.java:165)
	at org.apache.maven.surefire.booter.ProviderFactory.invokeProvider(ProviderFactory.java:85)
	at org.apache.maven.surefire.booter.ForkedBooter.runSuitesInProcess(ForkedBooter.java:115)
	at org.apache.maven.surefire.booter.ForkedBooter.main(ForkedBooter.java:75)
Caused by: java.sql.SQLSyntaxErrorException: Table &apos;ssm.orders&apos; doesn&apos;t exist
	at com.mysql.cj.jdbc.exceptions.SQLError.createSQLException(SQLError.java:120)
	at com.mysql.cj.jdbc.exceptions.SQLExceptionsMapping.translateException(SQLExceptionsMapping.java:122)
	at com.mysql.cj.jdbc.ClientPreparedStatement.executeInternal(ClientPreparedStatement.java:953)
	at com.mysql.cj.jdbc.ClientPreparedStatement.execute(ClientPreparedStatement.java:370)
	at com.mchange.v2.c3p0.impl.NewProxyPreparedStatement.execute(NewProxyPreparedStatement.java:989)
	at sun.reflect.NativeMethodAccessorImpl.invoke0(Native Method)
	at sun.reflect.NativeMethodAccessorImpl.invoke(NativeMethodAccessorImpl.java:62)
	at sun.reflect.DelegatingMethodAccessorImpl.invoke(DelegatingMethodAccessorImpl.java:43)
	at java.lang.reflect.Method.invoke(Method.java:498)
	at org.apache.ibatis.logging.jdbc.PreparedStatementLogger.invoke(PreparedStatementLogger.java:59)
	at com.sun.proxy.$Proxy45.execute(Unknown Source)
	at org.apache.ibatis.executor.statement.PreparedStatementHandler.query(PreparedStatementHandler.java:63)
	at org.apache.ibatis.executor.statement.RoutingStatementHandler.query(RoutingStatementHandler.java:79)
	at org.apache.ibatis.executor.SimpleExecutor.doQuery(SimpleExecutor.java:63)
	at org.apache.ibatis.executor.BaseExecutor.queryFromDatabase(BaseExecutor.java:324)
	at org.apache.ibatis.executor.BaseExecutor.query(BaseExecutor.java:156)
	at org.apache.ibatis.executor.CachingExecutor.query(CachingExecutor.java:109)
	at com.github.pagehelper.PageInterceptor.executeAutoCount(PageInterceptor.java:201)
	at com.github.pagehelper.PageInterceptor.intercept(PageInterceptor.java:113)
	at org.apache.ibatis.plugin.Plugin.invoke(Plugin.java:61)
	at com.sun.proxy.$Proxy43.query(Unknown Source)
	at org.apache.ibatis.session.defaults.DefaultSqlSession.selectList(DefaultSqlSession.java:148)
	at org.apache.ibatis.session.defaults.DefaultSqlSession.selectList(DefaultSqlSession.java:141)
	at sun.reflect.NativeMethodAccessorImpl.invoke0(Native Method)
	at sun.reflect.NativeMethodAccessorImpl.invoke(NativeMethodAccessorImpl.java:62)
	at sun.reflect.DelegatingMethodAccessorImpl.invoke(DelegatingMethodAccessorImpl.java:43)
	at java.lang.reflect.Method.invoke(Method.java:498)
	at org.mybatis.spring.SqlSessionTemplate$SqlSessionInterceptor.invoke(SqlSessionTemplate.java:434)
	... 45 more
</error>
    <system-out>2021-04-07 10:03:35,500 2001   [           main] DEBUG t.annotation.ProfileValueUtils  - Retrieved @ProfileValueSourceConfiguration [null] for test class [com.jiang.SpringTest.SrerviceTest]
2021-04-07 10:03:35,500 2001   [           main] DEBUG t.annotation.ProfileValueUtils  - Retrieved ProfileValueSource type [class org.springframework.test.annotation.SystemProfileValueSource] for class [com.jiang.SpringTest.SrerviceTest]
2021-04-07 10:03:35,500 2001   [           main] DEBUG InjectionTestExecutionListener  - Performing dependency injection for test context [[DefaultTestContext@ed9d034 testClass = SrerviceTest, testInstance = com.jiang.SpringTest.SrerviceTest@10b892d5, testMethod = [null], testException = [null], mergedContextConfiguration = [MergedContextConfiguration@6121c9d6 testClass = SrerviceTest, locations = &apos;{classpath*:applicationContext.xml}&apos;, classes = &apos;{}&apos;, contextInitializerClasses = &apos;[]&apos;, activeProfiles = &apos;{}&apos;, propertySourceLocations = &apos;{}&apos;, propertySourceProperties = &apos;{}&apos;, contextCustomizers = set[[empty]], contextLoader = &apos;org.springframework.test.context.support.DelegatingSmartContextLoader&apos;, parent = [null]], attributes = map[[empty]]]].
2021-04-07 10:03:35,500 2001   [           main] DEBUG acheAwareContextLoaderDelegate  - Retrieved ApplicationContext [246550802] from cache with key [[MergedContextConfiguration@6121c9d6 testClass = SrerviceTest, locations = &apos;{classpath*:applicationContext.xml}&apos;, classes = &apos;{}&apos;, contextInitializerClasses = &apos;[]&apos;, activeProfiles = &apos;{}&apos;, propertySourceLocations = &apos;{}&apos;, propertySourceProperties = &apos;{}&apos;, contextCustomizers = set[[empty]], contextLoader = &apos;org.springframework.test.context.support.DelegatingSmartContextLoader&apos;, parent = [null]]]
2021-04-07 10:03:35,500 2001   [           main] DEBUG ngframework.test.context.cache  - Spring test ApplicationContext cache statistics: [DefaultContextCache@42b64ab8 size = 1, maxSize = 32, parentContextCount = 0, hitCount = 12, missCount = 1]
2021-04-07 10:03:35,505 2006   [           main] DEBUG acheAwareContextLoaderDelegate  - Retrieved ApplicationContext [246550802] from cache with key [[MergedContextConfiguration@6121c9d6 testClass = SrerviceTest, locations = &apos;{classpath*:applicationContext.xml}&apos;, classes = &apos;{}&apos;, contextInitializerClasses = &apos;[]&apos;, activeProfiles = &apos;{}&apos;, propertySourceLocations = &apos;{}&apos;, propertySourceProperties = &apos;{}&apos;, contextCustomizers = set[[empty]], contextLoader = &apos;org.springframework.test.context.support.DelegatingSmartContextLoader&apos;, parent = [null]]]
2021-04-07 10:03:35,505 2006   [           main] DEBUG ngframework.test.context.cache  - Spring test ApplicationContext cache statistics: [DefaultContextCache@42b64ab8 size = 1, maxSize = 32, parentContextCount = 0, hitCount = 13, missCount = 1]
2021-04-07 10:03:35,506 2007   [           main] DEBUG esContextTestExecutionListener  - Before test method: context [DefaultTestContext@ed9d034 testClass = SrerviceTest, testInstance = com.jiang.SpringTest.SrerviceTest@10b892d5, testMethod = test1@SrerviceTest, testException = [null], mergedContextConfiguration = [MergedContextConfiguration@6121c9d6 testClass = SrerviceTest, locations = &apos;{classpath*:applicationContext.xml}&apos;, classes = &apos;{}&apos;, contextInitializerClasses = &apos;[]&apos;, activeProfiles = &apos;{}&apos;, propertySourceLocations = &apos;{}&apos;, propertySourceProperties = &apos;{}&apos;, contextCustomizers = set[[empty]], contextLoader = &apos;org.springframework.test.context.support.DelegatingSmartContextLoader&apos;, parent = [null]], attributes = map[[empty]]], class annotated with @DirtiesContext [false] with mode [null], method annotated with @DirtiesContext [false] with mode [null].
2021-04-07 10:03:35,506 2007   [           main] DEBUG acheAwareContextLoaderDelegate  - Retrieved ApplicationContext [246550802] from cache with key [[MergedContextConfiguration@6121c9d6 testClass = SrerviceTest, locations = &apos;{classpath*:applicationContext.xml}&apos;, classes = &apos;{}&apos;, contextInitializerClasses = &apos;[]&apos;, activeProfiles = &apos;{}&apos;, propertySourceLocations = &apos;{}&apos;, propertySourceProperties = &apos;{}&apos;, contextCustomizers = set[[empty]], contextLoader = &apos;org.springframework.test.context.support.DelegatingSmartContextLoader&apos;, parent = [null]]]
2021-04-07 10:03:35,506 2007   [           main] DEBUG ngframework.test.context.cache  - Spring test ApplicationContext cache statistics: [DefaultContextCache@42b64ab8 size = 1, maxSize = 32, parentContextCount = 0, hitCount = 14, missCount = 1]
2021-04-07 10:03:35,506 2007   [           main] DEBUG acheAwareContextLoaderDelegate  - Retrieved ApplicationContext [246550802] from cache with key [[MergedContextConfiguration@6121c9d6 testClass = SrerviceTest, locations = &apos;{classpath*:applicationContext.xml}&apos;, classes = &apos;{}&apos;, contextInitializerClasses = &apos;[]&apos;, activeProfiles = &apos;{}&apos;, propertySourceLocations = &apos;{}&apos;, propertySourceProperties = &apos;{}&apos;, contextCustomizers = set[[empty]], contextLoader = &apos;org.springframework.test.context.support.DelegatingSmartContextLoader&apos;, parent = [null]]]
2021-04-07 10:03:35,506 2007   [           main] DEBUG ngframework.test.context.cache  - Spring test ApplicationContext cache statistics: [DefaultContextCache@42b64ab8 size = 1, maxSize = 32, parentContextCount = 0, hitCount = 15, missCount = 1]
2021-04-07 10:03:35,508 2009   [           main] DEBUG mybatis.spring.SqlSessionUtils  - Creating a new SqlSession
2021-04-07 10:03:35,508 2009   [           main] DEBUG mybatis.spring.SqlSessionUtils  - SqlSession [org.apache.ibatis.session.defaults.DefaultSqlSession@579d011c] was not registered for synchronization because synchronization is not active
2021-04-07 10:03:35,508 2009   [           main] DEBUG                      SQL_CACHE  - Cache Hit Ratio [SQL_CACHE]: 0.0
2021-04-07 10:03:35,538 2039   [           main] DEBUG dbc.datasource.DataSourceUtils  - Fetching JDBC Connection from DataSource
2021-04-07 10:03:35,538 2039   [           main] DEBUG resourcepool.BasicResourcePool  - trace com.mchange.v2.resourcepool.BasicResourcePool@3a1d593e [managed: 3, unused: 2, excluded: 0] (e.g. com.mchange.v2.c3p0.impl.NewPooledConnection@16692c40)
2021-04-07 10:03:35,538 2039   [           main] DEBUG ction.SpringManagedTransaction  - JDBC Connection [com.mchange.v2.c3p0.impl.NewProxyConnection@54afd745] will not be managed by Spring
2021-04-07 10:03:35,538 2039   [           main] DEBUG ng.dao.OrdersDao.findAll_COUNT  - ==&gt;  Preparing: SELECT count(0) FROM orders o LEFT JOIN product p ON o.productId = p.id LEFT JOIN member m ON o.memberId = m.id LEFT JOIN traveller t ON t.id = (SELECT travellerId FROM order_traveller WHERE orderId = o.id) 
2021-04-07 10:03:35,539 2040   [           main] DEBUG ng.dao.OrdersDao.findAll_COUNT  - ==&gt; Parameters: 
2021-04-07 10:03:35,539 2040   [           main] DEBUG .c3p0.impl.NewPooledConnection  - com.mchange.v2.c3p0.impl.NewPooledConnection@16692c40 handling a throwable.
java.sql.SQLSyntaxErrorException: Table &apos;ssm.orders&apos; doesn&apos;t exist
	at com.mysql.cj.jdbc.exceptions.SQLError.createSQLException(SQLError.java:120)
	at com.mysql.cj.jdbc.exceptions.SQLExceptionsMapping.translateException(SQLExceptionsMapping.java:122)
	at com.mysql.cj.jdbc.ClientPreparedStatement.executeInternal(ClientPreparedStatement.java:953)
	at com.mysql.cj.jdbc.ClientPreparedStatement.execute(ClientPreparedStatement.java:370)
	at com.mchange.v2.c3p0.impl.NewProxyPreparedStatement.execute(NewProxyPreparedStatement.java:989)
	at sun.reflect.NativeMethodAccessorImpl.invoke0(Native Method)
	at sun.reflect.NativeMethodAccessorImpl.invoke(NativeMethodAccessorImpl.java:62)
	at sun.reflect.DelegatingMethodAccessorImpl.invoke(DelegatingMethodAccessorImpl.java:43)
	at java.lang.reflect.Method.invoke(Method.java:498)
	at org.apache.ibatis.logging.jdbc.PreparedStatementLogger.invoke(PreparedStatementLogger.java:59)
	at com.sun.proxy.$Proxy45.execute(Unknown Source)
	at org.apache.ibatis.executor.statement.PreparedStatementHandler.query(PreparedStatementHandler.java:63)
	at org.apache.ibatis.executor.statement.RoutingStatementHandler.query(RoutingStatementHandler.java:79)
	at org.apache.ibatis.executor.SimpleExecutor.doQuery(SimpleExecutor.java:63)
	at org.apache.ibatis.executor.BaseExecutor.queryFromDatabase(BaseExecutor.java:324)
	at org.apache.ibatis.executor.BaseExecutor.query(BaseExecutor.java:156)
	at org.apache.ibatis.executor.CachingExecutor.query(CachingExecutor.java:109)
	at com.github.pagehelper.PageInterceptor.executeAutoCount(PageInterceptor.java:201)
	at com.github.pagehelper.PageInterceptor.intercept(PageInterceptor.java:113)
	at org.apache.ibatis.plugin.Plugin.invoke(Plugin.java:61)
	at com.sun.proxy.$Proxy43.query(Unknown Source)
	at org.apache.ibatis.session.defaults.DefaultSqlSession.selectList(DefaultSqlSession.java:148)
	at org.apache.ibatis.session.defaults.DefaultSqlSession.selectList(DefaultSqlSession.java:141)
	at sun.reflect.NativeMethodAccessorImpl.invoke0(Native Method)
	at sun.reflect.NativeMethodAccessorImpl.invoke(NativeMethodAccessorImpl.java:62)
	at sun.reflect.DelegatingMethodAccessorImpl.invoke(DelegatingMethodAccessorImpl.java:43)
	at java.lang.reflect.Method.invoke(Method.java:498)
	at org.mybatis.spring.SqlSessionTemplate$SqlSessionInterceptor.invoke(SqlSessionTemplate.java:434)
	at com.sun.proxy.$Proxy26.selectList(Unknown Source)
	at org.mybatis.spring.SqlSessionTemplate.selectList(SqlSessionTemplate.java:231)
	at org.apache.ibatis.binding.MapperMethod.executeForMany(MapperMethod.java:137)
	at org.apache.ibatis.binding.MapperMethod.execute(MapperMethod.java:75)
	at org.apache.ibatis.binding.MapperProxy.invoke(MapperProxy.java:59)
	at com.sun.proxy.$Proxy29.findAll(Unknown Source)
	at com.jiang.service.Impl.OrderServiceImpl.findAll(OrderServiceImpl.java:27)
	at com.jiang.SpringTest.SrerviceTest.test1(SrerviceTest.java:42)
	at sun.reflect.NativeMethodAccessorImpl.invoke0(Native Method)
	at sun.reflect.NativeMethodAccessorImpl.invoke(NativeMethodAccessorImpl.java:62)
	at sun.reflect.DelegatingMethodAccessorImpl.invoke(DelegatingMethodAccessorImpl.java:43)
	at java.lang.reflect.Method.invoke(Method.java:498)
	at org.junit.runners.model.FrameworkMethod$1.runReflectiveCall(FrameworkMethod.java:50)
	at org.junit.internal.runners.model.ReflectiveCallable.run(ReflectiveCallable.java:12)
	at org.junit.runners.model.FrameworkMethod.invokeExplosively(FrameworkMethod.java:47)
	at org.junit.internal.runners.statements.InvokeMethod.evaluate(InvokeMethod.java:17)
	at org.springframework.test.context.junit4.statements.RunBeforeTestExecutionCallbacks.evaluate(RunBeforeTestExecutionCallbacks.java:74)
	at org.springframework.test.context.junit4.statements.RunAfterTestExecutionCallbacks.evaluate(RunAfterTestExecutionCallbacks.java:84)
	at org.springframework.test.context.junit4.statements.RunBeforeTestMethodCallbacks.evaluate(RunBeforeTestMethodCallbacks.java:75)
	at org.springframework.test.context.junit4.statements.RunAfterTestMethodCallbacks.evaluate(RunAfterTestMethodCallbacks.java:86)
	at org.springframework.test.context.junit4.statements.SpringRepeat.evaluate(SpringRepeat.java:84)
	at org.junit.runners.ParentRunner.runLeaf(ParentRunner.java:325)
	at org.springframework.test.context.junit4.SpringJUnit4ClassRunner.runChild(SpringJUnit4ClassRunner.java:251)
	at org.springframework.test.context.junit4.SpringJUnit4ClassRunner.runChild(SpringJUnit4ClassRunner.java:97)
	at org.junit.runners.ParentRunner$3.run(ParentRunner.java:290)
	at org.junit.runners.ParentRunner$1.schedule(ParentRunner.java:71)
	at org.junit.runners.ParentRunner.runChildren(ParentRunner.java:288)
	at org.junit.runners.ParentRunner.access$000(ParentRunner.java:58)
	at org.junit.runners.ParentRunner$2.evaluate(ParentRunner.java:268)
	at org.springframework.test.context.junit4.statements.RunBeforeTestClassCallbacks.evaluate(RunBeforeTestClassCallbacks.java:61)
	at org.springframework.test.context.junit4.statements.RunAfterTestClassCallbacks.evaluate(RunAfterTestClassCallbacks.java:70)
	at org.junit.runners.ParentRunner.run(ParentRunner.java:363)
	at org.springframework.test.context.junit4.SpringJUnit4ClassRunner.run(SpringJUnit4ClassRunner.java:190)
	at org.apache.maven.surefire.junit4.JUnit4Provider.execute(JUnit4Provider.java:252)
	at org.apache.maven.surefire.junit4.JUnit4Provider.executeTestSet(JUnit4Provider.java:141)
	at org.apache.maven.surefire.junit4.JUnit4Provider.invoke(JUnit4Provider.java:112)
	at sun.reflect.NativeMethodAccessorImpl.invoke0(Native Method)
	at sun.reflect.NativeMethodAccessorImpl.invoke(NativeMethodAccessorImpl.java:62)
	at sun.reflect.DelegatingMethodAccessorImpl.invoke(DelegatingMethodAccessorImpl.java:43)
	at java.lang.reflect.Method.invoke(Method.java:498)
	at org.apache.maven.surefire.util.ReflectionUtils.invokeMethodWithArray(ReflectionUtils.java:189)
	at org.apache.maven.surefire.booter.ProviderFactory$ProviderProxy.invoke(ProviderFactory.java:165)
	at org.apache.maven.surefire.booter.ProviderFactory.invokeProvider(ProviderFactory.java:85)
	at org.apache.maven.surefire.booter.ForkedBooter.runSuitesInProcess(ForkedBooter.java:115)
	at org.apache.maven.surefire.booter.ForkedBooter.main(ForkedBooter.java:75)
2021-04-07 10:03:35,539 2040   [           main] DEBUG    com.mchange.v2.sql.SqlUtils  - Attempted to convert SQLException to SQLException. Leaving it alone. [SQLState: 42S02; errorCode: 1146]
java.sql.SQLSyntaxErrorException: Table &apos;ssm.orders&apos; doesn&apos;t exist
	at com.mysql.cj.jdbc.exceptions.SQLError.createSQLException(SQLError.java:120)
	at com.mysql.cj.jdbc.exceptions.SQLExceptionsMapping.translateException(SQLExceptionsMapping.java:122)
	at com.mysql.cj.jdbc.ClientPreparedStatement.executeInternal(ClientPreparedStatement.java:953)
	at com.mysql.cj.jdbc.ClientPreparedStatement.execute(ClientPreparedStatement.java:370)
	at com.mchange.v2.c3p0.impl.NewProxyPreparedStatement.execute(NewProxyPreparedStatement.java:989)
	at sun.reflect.NativeMethodAccessorImpl.invoke0(Native Method)
	at sun.reflect.NativeMethodAccessorImpl.invoke(NativeMethodAccessorImpl.java:62)
	at sun.reflect.DelegatingMethodAccessorImpl.invoke(DelegatingMethodAccessorImpl.java:43)
	at java.lang.reflect.Method.invoke(Method.java:498)
	at org.apache.ibatis.logging.jdbc.PreparedStatementLogger.invoke(PreparedStatementLogger.java:59)
	at com.sun.proxy.$Proxy45.execute(Unknown Source)
	at org.apache.ibatis.executor.statement.PreparedStatementHandler.query(PreparedStatementHandler.java:63)
	at org.apache.ibatis.executor.statement.RoutingStatementHandler.query(RoutingStatementHandler.java:79)
	at org.apache.ibatis.executor.SimpleExecutor.doQuery(SimpleExecutor.java:63)
	at org.apache.ibatis.executor.BaseExecutor.queryFromDatabase(BaseExecutor.java:324)
	at org.apache.ibatis.executor.BaseExecutor.query(BaseExecutor.java:156)
	at org.apache.ibatis.executor.CachingExecutor.query(CachingExecutor.java:109)
	at com.github.pagehelper.PageInterceptor.executeAutoCount(PageInterceptor.java:201)
	at com.github.pagehelper.PageInterceptor.intercept(PageInterceptor.java:113)
	at org.apache.ibatis.plugin.Plugin.invoke(Plugin.java:61)
	at com.sun.proxy.$Proxy43.query(Unknown Source)
	at org.apache.ibatis.session.defaults.DefaultSqlSession.selectList(DefaultSqlSession.java:148)
	at org.apache.ibatis.session.defaults.DefaultSqlSession.selectList(DefaultSqlSession.java:141)
	at sun.reflect.NativeMethodAccessorImpl.invoke0(Native Method)
	at sun.reflect.NativeMethodAccessorImpl.invoke(NativeMethodAccessorImpl.java:62)
	at sun.reflect.DelegatingMethodAccessorImpl.invoke(DelegatingMethodAccessorImpl.java:43)
	at java.lang.reflect.Method.invoke(Method.java:498)
	at org.mybatis.spring.SqlSessionTemplate$SqlSessionInterceptor.invoke(SqlSessionTemplate.java:434)
	at com.sun.proxy.$Proxy26.selectList(Unknown Source)
	at org.mybatis.spring.SqlSessionTemplate.selectList(SqlSessionTemplate.java:231)
	at org.apache.ibatis.binding.MapperMethod.executeForMany(MapperMethod.java:137)
	at org.apache.ibatis.binding.MapperMethod.execute(MapperMethod.java:75)
	at org.apache.ibatis.binding.MapperProxy.invoke(MapperProxy.java:59)
	at com.sun.proxy.$Proxy29.findAll(Unknown Source)
	at com.jiang.service.Impl.OrderServiceImpl.findAll(OrderServiceImpl.java:27)
	at com.jiang.SpringTest.SrerviceTest.test1(SrerviceTest.java:42)
	at sun.reflect.NativeMethodAccessorImpl.invoke0(Native Method)
	at sun.reflect.NativeMethodAccessorImpl.invoke(NativeMethodAccessorImpl.java:62)
	at sun.reflect.DelegatingMethodAccessorImpl.invoke(DelegatingMethodAccessorImpl.java:43)
	at java.lang.reflect.Method.invoke(Method.java:498)
	at org.junit.runners.model.FrameworkMethod$1.runReflectiveCall(FrameworkMethod.java:50)
	at org.junit.internal.runners.model.ReflectiveCallable.run(ReflectiveCallable.java:12)
	at org.junit.runners.model.FrameworkMethod.invokeExplosively(FrameworkMethod.java:47)
	at org.junit.internal.runners.statements.InvokeMethod.evaluate(InvokeMethod.java:17)
	at org.springframework.test.context.junit4.statements.RunBeforeTestExecutionCallbacks.evaluate(RunBeforeTestExecutionCallbacks.java:74)
	at org.springframework.test.context.junit4.statements.RunAfterTestExecutionCallbacks.evaluate(RunAfterTestExecutionCallbacks.java:84)
	at org.springframework.test.context.junit4.statements.RunBeforeTestMethodCallbacks.evaluate(RunBeforeTestMethodCallbacks.java:75)
	at org.springframework.test.context.junit4.statements.RunAfterTestMethodCallbacks.evaluate(RunAfterTestMethodCallbacks.java:86)
	at org.springframework.test.context.junit4.statements.SpringRepeat.evaluate(SpringRepeat.java:84)
	at org.junit.runners.ParentRunner.runLeaf(ParentRunner.java:325)
	at org.springframework.test.context.junit4.SpringJUnit4ClassRunner.runChild(SpringJUnit4ClassRunner.java:251)
	at org.springframework.test.context.junit4.SpringJUnit4ClassRunner.runChild(SpringJUnit4ClassRunner.java:97)
	at org.junit.runners.ParentRunner$3.run(ParentRunner.java:290)
	at org.junit.runners.ParentRunner$1.schedule(ParentRunner.java:71)
	at org.junit.runners.ParentRunner.runChildren(ParentRunner.java:288)
	at org.junit.runners.ParentRunner.access$000(ParentRunner.java:58)
	at org.junit.runners.ParentRunner$2.evaluate(ParentRunner.java:268)
	at org.springframework.test.context.junit4.statements.RunBeforeTestClassCallbacks.evaluate(RunBeforeTestClassCallbacks.java:61)
	at org.springframework.test.context.junit4.statements.RunAfterTestClassCallbacks.evaluate(RunAfterTestClassCallbacks.java:70)
	at org.junit.runners.ParentRunner.run(ParentRunner.java:363)
	at org.springframework.test.context.junit4.SpringJUnit4ClassRunner.run(SpringJUnit4ClassRunner.java:190)
	at org.apache.maven.surefire.junit4.JUnit4Provider.execute(JUnit4Provider.java:252)
	at org.apache.maven.surefire.junit4.JUnit4Provider.executeTestSet(JUnit4Provider.java:141)
	at org.apache.maven.surefire.junit4.JUnit4Provider.invoke(JUnit4Provider.java:112)
	at sun.reflect.NativeMethodAccessorImpl.invoke0(Native Method)
	at sun.reflect.NativeMethodAccessorImpl.invoke(NativeMethodAccessorImpl.java:62)
	at sun.reflect.DelegatingMethodAccessorImpl.invoke(DelegatingMethodAccessorImpl.java:43)
	at java.lang.reflect.Method.invoke(Method.java:498)
	at org.apache.maven.surefire.util.ReflectionUtils.invokeMethodWithArray(ReflectionUtils.java:189)
	at org.apache.maven.surefire.booter.ProviderFactory$ProviderProxy.invoke(ProviderFactory.java:165)
	at org.apache.maven.surefire.booter.ProviderFactory.invokeProvider(ProviderFactory.java:85)
	at org.apache.maven.surefire.booter.ForkedBooter.runSuitesInProcess(ForkedBooter.java:115)
	at org.apache.maven.surefire.booter.ForkedBooter.main(ForkedBooter.java:75)
2021-04-07 10:03:35,540 2041   [           main] DEBUG 0.impl.DefaultConnectionTester  - Testing a Connection in response to an Exception:
java.sql.SQLSyntaxErrorException: Table &apos;ssm.orders&apos; doesn&apos;t exist
	at com.mysql.cj.jdbc.exceptions.SQLError.createSQLException(SQLError.java:120)
	at com.mysql.cj.jdbc.exceptions.SQLExceptionsMapping.translateException(SQLExceptionsMapping.java:122)
	at com.mysql.cj.jdbc.ClientPreparedStatement.executeInternal(ClientPreparedStatement.java:953)
	at com.mysql.cj.jdbc.ClientPreparedStatement.execute(ClientPreparedStatement.java:370)
	at com.mchange.v2.c3p0.impl.NewProxyPreparedStatement.execute(NewProxyPreparedStatement.java:989)
	at sun.reflect.NativeMethodAccessorImpl.invoke0(Native Method)
	at sun.reflect.NativeMethodAccessorImpl.invoke(NativeMethodAccessorImpl.java:62)
	at sun.reflect.DelegatingMethodAccessorImpl.invoke(DelegatingMethodAccessorImpl.java:43)
	at java.lang.reflect.Method.invoke(Method.java:498)
	at org.apache.ibatis.logging.jdbc.PreparedStatementLogger.invoke(PreparedStatementLogger.java:59)
	at com.sun.proxy.$Proxy45.execute(Unknown Source)
	at org.apache.ibatis.executor.statement.PreparedStatementHandler.query(PreparedStatementHandler.java:63)
	at org.apache.ibatis.executor.statement.RoutingStatementHandler.query(RoutingStatementHandler.java:79)
	at org.apache.ibatis.executor.SimpleExecutor.doQuery(SimpleExecutor.java:63)
	at org.apache.ibatis.executor.BaseExecutor.queryFromDatabase(BaseExecutor.java:324)
	at org.apache.ibatis.executor.BaseExecutor.query(BaseExecutor.java:156)
	at org.apache.ibatis.executor.CachingExecutor.query(CachingExecutor.java:109)
	at com.github.pagehelper.PageInterceptor.executeAutoCount(PageInterceptor.java:201)
	at com.github.pagehelper.PageInterceptor.intercept(PageInterceptor.java:113)
	at org.apache.ibatis.plugin.Plugin.invoke(Plugin.java:61)
	at com.sun.proxy.$Proxy43.query(Unknown Source)
	at org.apache.ibatis.session.defaults.DefaultSqlSession.selectList(DefaultSqlSession.java:148)
	at org.apache.ibatis.session.defaults.DefaultSqlSession.selectList(DefaultSqlSession.java:141)
	at sun.reflect.NativeMethodAccessorImpl.invoke0(Native Method)
	at sun.reflect.NativeMethodAccessorImpl.invoke(NativeMethodAccessorImpl.java:62)
	at sun.reflect.DelegatingMethodAccessorImpl.invoke(DelegatingMethodAccessorImpl.java:43)
	at java.lang.reflect.Method.invoke(Method.java:498)
	at org.mybatis.spring.SqlSessionTemplate$SqlSessionInterceptor.invoke(SqlSessionTemplate.java:434)
	at com.sun.proxy.$Proxy26.selectList(Unknown Source)
	at org.mybatis.spring.SqlSessionTemplate.selectList(SqlSessionTemplate.java:231)
	at org.apache.ibatis.binding.MapperMethod.executeForMany(MapperMethod.java:137)
	at org.apache.ibatis.binding.MapperMethod.execute(MapperMethod.java:75)
	at org.apache.ibatis.binding.MapperProxy.invoke(MapperProxy.java:59)
	at com.sun.proxy.$Proxy29.findAll(Unknown Source)
	at com.jiang.service.Impl.OrderServiceImpl.findAll(OrderServiceImpl.java:27)
	at com.jiang.SpringTest.SrerviceTest.test1(SrerviceTest.java:42)
	at sun.reflect.NativeMethodAccessorImpl.invoke0(Native Method)
	at sun.reflect.NativeMethodAccessorImpl.invoke(NativeMethodAccessorImpl.java:62)
	at sun.reflect.DelegatingMethodAccessorImpl.invoke(DelegatingMethodAccessorImpl.java:43)
	at java.lang.reflect.Method.invoke(Method.java:498)
	at org.junit.runners.model.FrameworkMethod$1.runReflectiveCall(FrameworkMethod.java:50)
	at org.junit.internal.runners.model.ReflectiveCallable.run(ReflectiveCallable.java:12)
	at org.junit.runners.model.FrameworkMethod.invokeExplosively(FrameworkMethod.java:47)
	at org.junit.internal.runners.statements.InvokeMethod.evaluate(InvokeMethod.java:17)
	at org.springframework.test.context.junit4.statements.RunBeforeTestExecutionCallbacks.evaluate(RunBeforeTestExecutionCallbacks.java:74)
	at org.springframework.test.context.junit4.statements.RunAfterTestExecutionCallbacks.evaluate(RunAfterTestExecutionCallbacks.java:84)
	at org.springframework.test.context.junit4.statements.RunBeforeTestMethodCallbacks.evaluate(RunBeforeTestMethodCallbacks.java:75)
	at org.springframework.test.context.junit4.statements.RunAfterTestMethodCallbacks.evaluate(RunAfterTestMethodCallbacks.java:86)
	at org.springframework.test.context.junit4.statements.SpringRepeat.evaluate(SpringRepeat.java:84)
	at org.junit.runners.ParentRunner.runLeaf(ParentRunner.java:325)
	at org.springframework.test.context.junit4.SpringJUnit4ClassRunner.runChild(SpringJUnit4ClassRunner.java:251)
	at org.springframework.test.context.junit4.SpringJUnit4ClassRunner.runChild(SpringJUnit4ClassRunner.java:97)
	at org.junit.runners.ParentRunner$3.run(ParentRunner.java:290)
	at org.junit.runners.ParentRunner$1.schedule(ParentRunner.java:71)
	at org.junit.runners.ParentRunner.runChildren(ParentRunner.java:288)
	at org.junit.runners.ParentRunner.access$000(ParentRunner.java:58)
	at org.junit.runners.ParentRunner$2.evaluate(ParentRunner.java:268)
	at org.springframework.test.context.junit4.statements.RunBeforeTestClassCallbacks.evaluate(RunBeforeTestClassCallbacks.java:61)
	at org.springframework.test.context.junit4.statements.RunAfterTestClassCallbacks.evaluate(RunAfterTestClassCallbacks.java:70)
	at org.junit.runners.ParentRunner.run(ParentRunner.java:363)
	at org.springframework.test.context.junit4.SpringJUnit4ClassRunner.run(SpringJUnit4ClassRunner.java:190)
	at org.apache.maven.surefire.junit4.JUnit4Provider.execute(JUnit4Provider.java:252)
	at org.apache.maven.surefire.junit4.JUnit4Provider.executeTestSet(JUnit4Provider.java:141)
	at org.apache.maven.surefire.junit4.JUnit4Provider.invoke(JUnit4Provider.java:112)
	at sun.reflect.NativeMethodAccessorImpl.invoke0(Native Method)
	at sun.reflect.NativeMethodAccessorImpl.invoke(NativeMethodAccessorImpl.java:62)
	at sun.reflect.DelegatingMethodAccessorImpl.invoke(DelegatingMethodAccessorImpl.java:43)
	at java.lang.reflect.Method.invoke(Method.java:498)
	at org.apache.maven.surefire.util.ReflectionUtils.invokeMethodWithArray(ReflectionUtils.java:189)
	at org.apache.maven.surefire.booter.ProviderFactory$ProviderProxy.invoke(ProviderFactory.java:165)
	at org.apache.maven.surefire.booter.ProviderFactory.invokeProvider(ProviderFactory.java:85)
	at org.apache.maven.surefire.booter.ForkedBooter.runSuitesInProcess(ForkedBooter.java:115)
	at org.apache.maven.surefire.booter.ForkedBooter.main(ForkedBooter.java:75)
2021-04-07 10:03:35,548 2049   [           main] DEBUG mybatis.spring.SqlSessionUtils  - Closing non transactional SqlSession [org.apache.ibatis.session.defaults.DefaultSqlSession@579d011c]
2021-04-07 10:03:35,548 2049   [           main] DEBUG resourcepool.BasicResourcePool  - trace com.mchange.v2.resourcepool.BasicResourcePool@3a1d593e [managed: 3, unused: 2, excluded: 0] (e.g. com.mchange.v2.c3p0.impl.NewPooledConnection@16692c40)
2021-04-07 10:03:35,548 2049   [           main] DEBUG rrorCodeSQLExceptionTranslator  - Translating SQLException with SQL state &apos;42S02&apos;, error code &apos;1146&apos;, message [Table &apos;ssm.orders&apos; doesn&apos;t exist] for task [
### Error querying database.  Cause: java.sql.SQLSyntaxErrorException: Table &apos;ssm.orders&apos; doesn&apos;t exist
### The error may exist in file [D:\Document\Code\java\coding\Manage_SSM\target\classes\com\jiang\mapper\OrdersMapper.xml]
### The error may involve defaultParameterMap
### The error occurred while setting parameters
### SQL: SELECT count(0) FROM orders o LEFT JOIN product p ON o.productId = p.id LEFT JOIN member m ON o.memberId = m.id LEFT JOIN traveller t ON t.id = (SELECT travellerId FROM order_traveller WHERE orderId = o.id)
### Cause: java.sql.SQLSyntaxErrorException: Table &apos;ssm.orders&apos; doesn&apos;t exist
]
2021-04-07 10:03:35,548 2049   [           main] DEBUG acheAwareContextLoaderDelegate  - Retrieved ApplicationContext [246550802] from cache with key [[MergedContextConfiguration@6121c9d6 testClass = SrerviceTest, locations = &apos;{classpath*:applicationContext.xml}&apos;, classes = &apos;{}&apos;, contextInitializerClasses = &apos;[]&apos;, activeProfiles = &apos;{}&apos;, propertySourceLocations = &apos;{}&apos;, propertySourceProperties = &apos;{}&apos;, contextCustomizers = set[[empty]], contextLoader = &apos;org.springframework.test.context.support.DelegatingSmartContextLoader&apos;, parent = [null]]]
2021-04-07 10:03:35,548 2049   [           main] DEBUG ngframework.test.context.cache  - Spring test ApplicationContext cache statistics: [DefaultContextCache@42b64ab8 size = 1, maxSize = 32, parentContextCount = 0, hitCount = 16, missCount = 1]
2021-04-07 10:03:35,549 2050   [           main] DEBUG acheAwareContextLoaderDelegate  - Retrieved ApplicationContext [246550802] from cache with key [[MergedContextConfiguration@6121c9d6 testClass = SrerviceTest, locations = &apos;{classpath*:applicationContext.xml}&apos;, classes = &apos;{}&apos;, contextInitializerClasses = &apos;[]&apos;, activeProfiles = &apos;{}&apos;, propertySourceLocations = &apos;{}&apos;, propertySourceProperties = &apos;{}&apos;, contextCustomizers = set[[empty]], contextLoader = &apos;org.springframework.test.context.support.DelegatingSmartContextLoader&apos;, parent = [null]]]
2021-04-07 10:03:35,549 2050   [           main] DEBUG ngframework.test.context.cache  - Spring test ApplicationContext cache statistics: [DefaultContextCache@42b64ab8 size = 1, maxSize = 32, parentContextCount = 0, hitCount = 17, missCount = 1]
2021-04-07 10:03:35,549 2050   [           main] DEBUG esContextTestExecutionListener  - After test method: context [DefaultTestContext@ed9d034 testClass = SrerviceTest, testInstance = com.jiang.SpringTest.SrerviceTest@10b892d5, testMethod = test1@SrerviceTest, testException = org.springframework.jdbc.BadSqlGrammarException: 
### Error querying database.  Cause: java.sql.SQLSyntaxErrorException: Table &apos;ssm.orders&apos; doesn&apos;t exist
### The error may exist in file [D:\Document\Code\java\coding\Manage_SSM\target\classes\com\jiang\mapper\OrdersMapper.xml]
### The error may involve defaultParameterMap
### The error occurred while setting parameters
### SQL: SELECT count(0) FROM orders o LEFT JOIN product p ON o.productId = p.id LEFT JOIN member m ON o.memberId = m.id LEFT JOIN traveller t ON t.id = (SELECT travellerId FROM order_traveller WHERE orderId = o.id)
### Cause: java.sql.SQLSyntaxErrorException: Table &apos;ssm.orders&apos; doesn&apos;t exist
; bad SQL grammar []; nested exception is java.sql.SQLSyntaxErrorException: Table &apos;ssm.orders&apos; doesn&apos;t exist, mergedContextConfiguration = [MergedContextConfiguration@6121c9d6 testClass = SrerviceTest, locations = &apos;{classpath*:applicationContext.xml}&apos;, classes = &apos;{}&apos;, contextInitializerClasses = &apos;[]&apos;, activeProfiles = &apos;{}&apos;, propertySourceLocations = &apos;{}&apos;, propertySourceProperties = &apos;{}&apos;, contextCustomizers = set[[empty]], contextLoader = &apos;org.springframework.test.context.support.DelegatingSmartContextLoader&apos;, parent = [null]], attributes = map[[empty]]], class annotated with @DirtiesContext [false] with mode [null], method annotated with @DirtiesContext [false] with mode [null].
</system-out>
  </testcase>
  <testcase classname="com.jiang.SpringTest.SrerviceTest" name="test2" time="0.089"/>
  <testcase classname="com.jiang.SpringTest.SrerviceTest" name="test4" time="0.066"/>
  <testcase classname="com.jiang.SpringTest.SrerviceTest" name="test5" time="0.011"/>
  <testcase classname="com.jiang.SpringTest.SrerviceTest" name="test6" time="0.005"/>
</testsuite>